#
# There is insufficient memory for the Java Runtime Environment to continue.
# Native memory allocation (malloc) failed to allocate 550656 bytes for Chunk::new
# Possible reasons:
#   The system is out of physical RAM or swap space
#   In 32 bit mode, the process size limit was hit
# Possible solutions:
#   Reduce memory load on the system
#   Increase physical memory or swap space
#   Check if swap backing store is full
#   Use 64 bit Java on a 64 bit OS
#   Decrease Java heap size (-Xmx/-Xms)
#   Decrease number of Java threads
#   Decrease Java thread stack sizes (-Xss)
#   Set larger code cache with -XX:ReservedCodeCacheSize=
# This output file may be truncated or incomplete.
#
#  Out of Memory Error (allocation.cpp:390), pid=17524, tid=14796
#
# JRE version: Java(TM) SE Runtime Environment (8.0_40-b25) (build 1.8.0_40-b25)
# Java VM: Java HotSpot(TM) 64-Bit Server VM (25.40-b25 mixed mode windows-amd64 compressed oops)
# Failed to write core dump. Minidumps are not enabled by default on client versions of Windows
#

---------------  T H R E A D  ---------------

Current thread (0x000000001553b800):  JavaThread "C2 CompilerThread0" daemon [_thread_in_native, id=14796, stack(0x0000000016a30000,0x0000000016b30000)]

Stack: [0x0000000016a30000,0x0000000016b30000]
Native frames: (J=compiled Java code, j=interpreted, Vv=VM code, C=native code)
V  [jvm.dll+0x32b47a]
V  [jvm.dll+0x2797f3]
V  [jvm.dll+0x27a489]
V  [jvm.dll+0x2717a5]
V  [jvm.dll+0xcb9a2]
V  [jvm.dll+0xcbe6c]
V  [jvm.dll+0x476ea2]
V  [jvm.dll+0x4b950f]
V  [jvm.dll+0x46b6b5]
V  [jvm.dll+0x46ccbe]
V  [jvm.dll+0x4500d2]
V  [jvm.dll+0xa4312]
V  [jvm.dll+0xa4c4f]
V  [jvm.dll+0x241914]
V  [jvm.dll+0x29848a]
C  [msvcr100.dll+0x21d9f]
C  [msvcr100.dll+0x21e3b]
C  [KERNEL32.DLL+0x13d2]
C  [ntdll.dll+0x15464]


Current CompileTask:
C2:   7737 1210       4       com.android.dx.dex.code.OutputFinisher::addConstants (93 bytes)


---------------  P R O C E S S  ---------------

Java Threads: ( => current thread )
  0x0000000016cb9800 JavaThread "pool-1-thread-1" [_thread_in_Java, id=6656, stack(0x0000000017330000,0x0000000017430000)]
  0x0000000016bc5000 JavaThread "Service Thread" daemon [_thread_blocked, id=18304, stack(0x0000000017130000,0x0000000017230000)]
  0x0000000016b38800 JavaThread "C1 CompilerThread2" daemon [_thread_blocked, id=17996, stack(0x0000000017030000,0x0000000017130000)]
  0x0000000016b33800 JavaThread "C2 CompilerThread1" daemon [_thread_in_native, id=9448, stack(0x0000000016f30000,0x0000000017030000)]
=>0x000000001553b800 JavaThread "C2 CompilerThread0" daemon [_thread_in_native, id=14796, stack(0x0000000016a30000,0x0000000016b30000)]
  0x000000001553a000 JavaThread "Attach Listener" daemon [_thread_blocked, id=14500, stack(0x0000000016930000,0x0000000016a30000)]
  0x00000000154ef000 JavaThread "Signal Dispatcher" daemon [_thread_blocked, id=4580, stack(0x0000000016830000,0x0000000016930000)]
  0x00000000154a9000 JavaThread "Finalizer" daemon [_thread_blocked, id=18676, stack(0x0000000016730000,0x0000000016830000)]
  0x0000000002e00800 JavaThread "Reference Handler" daemon [_thread_blocked, id=19552, stack(0x0000000016630000,0x0000000016730000)]
  0x0000000002d10800 JavaThread "main" [_thread_blocked, id=15708, stack(0x0000000002c10000,0x0000000002d10000)]

Other Threads:
  0x00000000154a8000 VMThread [stack: 0x0000000016530000,0x0000000016630000] [id=15848]
  0x0000000016bcf000 WatcherThread [stack: 0x0000000017230000,0x0000000017330000] [id=19100]

VM state:not at safepoint (normal execution)

VM Mutex/Monitor currently owned by a thread: None

Heap:
 PSYoungGen      total 18944K, used 13646K [0x00000000eab00000, 0x00000000ed000000, 0x0000000100000000)
  eden space 16384K, 67% used [0x00000000eab00000,0x00000000eb5d92d0,0x00000000ebb00000)
  from space 2560K, 99% used [0x00000000ebb00000,0x00000000ebd7a648,0x00000000ebd80000)
  to   space 2560K, 0% used [0x00000000ecd80000,0x00000000ecd80000,0x00000000ed000000)
 ParOldGen       total 44032K, used 1817K [0x00000000c0000000, 0x00000000c2b00000, 0x00000000eab00000)
  object space 44032K, 4% used [0x00000000c0000000,0x00000000c01c6738,0x00000000c2b00000)
 Metaspace       used 5998K, capacity 6960K, committed 7040K, reserved 1056768K
  class space    used 600K, capacity 616K, committed 640K, reserved 1048576K

Card table byte_map: [0x00000000121d0000,0x00000000123e0000] byte_map_base: 0x0000000011bd0000

Marking Bits: (ParMarkBitMap*) 0x0000000065534040
 Begin Bits: [0x0000000012940000, 0x0000000013940000)
 End Bits:   [0x0000000013940000, 0x0000000014940000)

Polling page: 0x0000000001190000

CodeCache: size=245760Kb used=4907Kb max_used=4907Kb free=240852Kb
 bounds [0x0000000002e10000, 0x00000000032e0000, 0x0000000011e10000]
 total_blobs=1553 nmethods=1283 adapters=183
 compilation: enabled

Compilation events (10 events):
Event: 3.686 Thread 0x0000000016b38800 nmethod 1229 0x00000000032be310 code [0x00000000032be4a0, 0x00000000032be848]
Event: 3.687 Thread 0x0000000016b38800 1230  s    3       com.android.dx.dex.file.TypeIdsSection::intern (62 bytes)
Event: 3.687 Thread 0x0000000016b33800 nmethod 1225 0x00000000032c1610 code [0x00000000032c1760, 0x00000000032c1938]
Event: 3.687 Thread 0x0000000016b33800 1228       4       com.android.dx.rop.type.Type::compareTo (9 bytes)
Event: 3.688 Thread 0x0000000016b38800 nmethod 1230 0x00000000032bcf50 code [0x00000000032bd160, 0x00000000032bdd48]
Event: 3.688 Thread 0x0000000016b33800 nmethod 1228 0x00000000032bb610 code [0x00000000032bb760, 0x00000000032bb938]
Event: 3.688 Thread 0x0000000016b33800 1206       4       com.android.dx.rop.code.BasicBlock::getLastInsn (8 bytes)
Event: 3.690 Thread 0x0000000016b33800 nmethod 1206 0x00000000032c3310 code [0x00000000032c3460, 0x00000000032c3558]
Event: 3.691 Thread 0x0000000016b38800 1231   !   3       com.android.dx.dex.file.MixedItemSection::add (49 bytes)
Event: 3.691 Thread 0x0000000016b33800 1234       4       com.android.dx.dex.file.Section::throwIfPrepared (18 bytes)

GC Heap History (2 events):
Event: 1.526 GC heap before
{Heap before GC invocations=1 (full 0):
 PSYoungGen      total 18944K, used 16384K [0x00000000eab00000, 0x00000000ec000000, 0x0000000100000000)
  eden space 16384K, 100% used [0x00000000eab00000,0x00000000ebb00000,0x00000000ebb00000)
  from space 2560K, 0% used [0x00000000ebd80000,0x00000000ebd80000,0x00000000ec000000)
  to   space 2560K, 0% used [0x00000000ebb00000,0x00000000ebb00000,0x00000000ebd80000)
 ParOldGen       total 44032K, used 0K [0x00000000c0000000, 0x00000000c2b00000, 0x00000000eab00000)
  object space 44032K, 0% used [0x00000000c0000000,0x00000000c0000000,0x00000000c2b00000)
 Metaspace       used 5779K, capacity 6768K, committed 7040K, reserved 1056768K
  class space    used 582K, capacity 616K, committed 640K, reserved 1048576K
Event: 1.597 GC heap after
Heap after GC invocations=1 (full 0):
 PSYoungGen      total 18944K, used 2537K [0x00000000eab00000, 0x00000000ed000000, 0x0000000100000000)
  eden space 16384K, 0% used [0x00000000eab00000,0x00000000eab00000,0x00000000ebb00000)
  from space 2560K, 99% used [0x00000000ebb00000,0x00000000ebd7a648,0x00000000ebd80000)
  to   space 2560K, 0% used [0x00000000ecd80000,0x00000000ecd80000,0x00000000ed000000)
 ParOldGen       total 44032K, used 1817K [0x00000000c0000000, 0x00000000c2b00000, 0x00000000eab00000)
  object space 44032K, 4% used [0x00000000c0000000,0x00000000c01c6738,0x00000000c2b00000)
 Metaspace       used 5779K, capacity 6768K, committed 7040K, reserved 1056768K
  class space    used 582K, capacity 616K, committed 640K, reserved 1048576K
}

Deoptimization events (10 events):
Event: 2.655 Thread 0x0000000016cb9800 Uncommon trap: reason=bimorphic action=maybe_recompile pc=0x00000000032764b8 method=java.util.HashMap.putVal(ILjava/lang/Object;Ljava/lang/Object;ZZ)Ljava/lang/Object; @ 91
Event: 2.656 Thread 0x0000000016cb9800 Uncommon trap: reason=bimorphic action=maybe_recompile pc=0x00000000032764b8 method=java.util.HashMap.putVal(ILjava/lang/Object;Ljava/lang/Object;ZZ)Ljava/lang/Object; @ 91
Event: 2.656 Thread 0x0000000016cb9800 Uncommon trap: reason=bimorphic action=maybe_recompile pc=0x00000000032764b8 method=java.util.HashMap.putVal(ILjava/lang/Object;Ljava/lang/Object;ZZ)Ljava/lang/Object; @ 91
Event: 2.656 Thread 0x0000000016cb9800 Uncommon trap: reason=bimorphic action=maybe_recompile pc=0x00000000032764b8 method=java.util.HashMap.putVal(ILjava/lang/Object;Ljava/lang/Object;ZZ)Ljava/lang/Object; @ 91
Event: 2.656 Thread 0x0000000016cb9800 Uncommon trap: reason=bimorphic action=maybe_recompile pc=0x0000000003281248 method=java.util.HashMap.putVal(ILjava/lang/Object;Ljava/lang/Object;ZZ)Ljava/lang/Object; @ 91
Event: 2.656 Thread 0x0000000016cb9800 Uncommon trap: reason=bimorphic action=maybe_recompile pc=0x0000000003043800 method=java.util.HashMap.getNode(ILjava/lang/Object;)Ljava/util/HashMap$Node; @ 126
Event: 3.674 Thread 0x0000000016cb9800 Uncommon trap: reason=bimorphic action=maybe_recompile pc=0x0000000003043800 method=java.util.HashMap.getNode(ILjava/lang/Object;)Ljava/util/HashMap$Node; @ 126
Event: 3.674 Thread 0x0000000016cb9800 Uncommon trap: reason=bimorphic action=maybe_recompile pc=0x0000000003043800 method=java.util.HashMap.getNode(ILjava/lang/Object;)Ljava/util/HashMap$Node; @ 126
Event: 3.674 Thread 0x0000000016cb9800 Uncommon trap: reason=bimorphic action=maybe_recompile pc=0x0000000003043800 method=java.util.HashMap.getNode(ILjava/lang/Object;)Ljava/util/HashMap$Node; @ 126
Event: 3.675 Thread 0x0000000016cb9800 Uncommon trap: reason=bimorphic action=maybe_recompile pc=0x000000000309ba7c method=java.util.HashMap.getNode(ILjava/lang/Object;)Ljava/util/HashMap$Node; @ 126

Internal exceptions (2 events):
Event: 0.068 Thread 0x0000000002d10800 Exception <a 'java/lang/NoSuchMethodError': Method sun.misc.Unsafe.defineClass(Ljava/lang/String;[BII)Ljava/lang/Class; name or signature does not match> (0x00000000eab12d30) thrown at [D:\re\workspace\8-2-build-windows-amd64-cygwin\jdk8u40\2855\hotspot\sr,À~dP±?
Event: 0.068 Thread 0x0000000002d10800 Exception <a 'java/lang/NoSuchMethodError': Method sun.misc.Unsafe.prefetchRead(Ljava/lang/Object;J)V name or signature does not match> (0x00000000eab12fc0) thrown at [D:\re\workspace\8-2-build-windows-amd64-cygwin\jdk8u40\2855\hotspot\src\share\vm\prims\j

Events (10 events):
Event: 3.674 Thread 0x0000000016cb9800 DEOPT PACKING pc=0x0000000003043800 sp=0x000000001742eec0
Event: 3.675 Thread 0x0000000016cb9800 DEOPT UNPACKING pc=0x0000000002e5582a sp=0x000000001742ede8 mode 2
Event: 3.675 Thread 0x0000000016cb9800 Uncommon trap: trap_request=0xffffffc6 fr.pc=0x000000000309ba7c
Event: 3.675 Thread 0x0000000016cb9800 DEOPT PACKING pc=0x000000000309ba7c sp=0x000000001742ee50
Event: 3.675 Thread 0x0000000016cb9800 DEOPT UNPACKING pc=0x0000000002e5582a sp=0x000000001742ede8 mode 2
Event: 3.677 loading class com/android/dx/dex/file/ProtoIdItem
Event: 3.677 loading class com/android/dx/dex/file/ProtoIdItem done
Event: 3.690 loading class com/android/dex/Leb128
Event: 3.690 loading class com/android/dex/Leb128 done
Event: 4.221 Executing VM operation: EnableBiasedLocking


Dynamic libraries:
0x00007ff7c07f0000 - 0x00007ff7c0827000 	C:\Program Files\Java\jdk1.8.0_40\bin\java.exe
0x00007ffc18be0000 - 0x00007ffc18d8c000 	C:\WINDOWS\SYSTEM32\ntdll.dll
0x00007ffc18970000 - 0x00007ffc18aae000 	C:\WINDOWS\system32\KERNEL32.DLL
0x00007ffc15f00000 - 0x00007ffc16015000 	C:\WINDOWS\system32\KERNELBASE.dll
0x00007ffc148f0000 - 0x00007ffc1497e000 	C:\WINDOWS\system32\apphelp.dll
0x00007ffbf9570000 - 0x00007ffbf95c3000 	C:\WINDOWS\AppPatch\AppPatch64\AcGenral.DLL
0x00007ffc163a0000 - 0x00007ffc1644a000 	C:\WINDOWS\system32\msvcrt.dll
0x00007ffc16020000 - 0x00007ffc1604e000 	C:\WINDOWS\system32\SspiCli.dll
0x00007ffc16340000 - 0x00007ffc16394000 	C:\WINDOWS\system32\SHLWAPI.dll
0x00007ffc16df0000 - 0x00007ffc16f67000 	C:\WINDOWS\system32\USER32.dll
0x00007ffc16450000 - 0x00007ffc165e4000 	C:\WINDOWS\system32\ole32.dll
0x00007ffc17410000 - 0x00007ffc18928000 	C:\WINDOWS\system32\SHELL32.dll
0x00007ffc152f0000 - 0x00007ffc15311000 	C:\WINDOWS\SYSTEM32\USERENV.dll
0x00007ffc16ce0000 - 0x00007ffc16d8a000 	C:\WINDOWS\system32\ADVAPI32.dll
0x00007ffc084b0000 - 0x00007ffc084ce000 	C:\WINDOWS\SYSTEM32\MPR.dll
0x00007ffc17040000 - 0x00007ffc17180000 	C:\WINDOWS\system32\RPCRT4.dll
0x00007ffc16c70000 - 0x00007ffc16cc9000 	C:\WINDOWS\SYSTEM32\sechost.dll
0x00007ffc165f0000 - 0x00007ffc16801000 	C:\WINDOWS\SYSTEM32\combase.dll
0x00007ffc16970000 - 0x00007ffc16abf000 	C:\WINDOWS\system32\GDI32.dll
0x00007ffc15d20000 - 0x00007ffc15d35000 	C:\WINDOWS\SYSTEM32\profapi.dll
0x00007ffc14530000 - 0x00007ffc145e2000 	C:\WINDOWS\SYSTEM32\SHCORE.dll
0x00007ffc18930000 - 0x00007ffc18966000 	C:\WINDOWS\system32\IMM32.DLL
0x00007ffc16810000 - 0x00007ffc16962000 	C:\WINDOWS\system32\MSCTF.dll
0x00007ffc13c50000 - 0x00007ffc13eca000 	C:\WINDOWS\WinSxS\amd64_microsoft.windows.common-controls_6595b64144ccf1df_6.0.9600.17810_none_6240b9c7ecbd0bda\COMCTL32.dll
0x0000000066fd0000 - 0x00000000670a2000 	C:\Program Files\Java\jdk1.8.0_40\jre\bin\msvcr100.dll
0x0000000064d30000 - 0x00000000655b3000 	C:\Program Files\Java\jdk1.8.0_40\jre\bin\server\jvm.dll
0x00007ffc0bbf0000 - 0x00007ffc0bbf9000 	C:\WINDOWS\SYSTEM32\WSOCK32.dll
0x00007ffc11420000 - 0x00007ffc11442000 	C:\WINDOWS\SYSTEM32\WINMM.dll
0x00007ffc120e0000 - 0x00007ffc120ea000 	C:\WINDOWS\SYSTEM32\VERSION.dll
0x00007ffc16cd0000 - 0x00007ffc16cd7000 	C:\WINDOWS\system32\PSAPI.DLL
0x00007ffc16d90000 - 0x00007ffc16dea000 	C:\WINDOWS\system32\WS2_32.dll
0x00007ffc10fb0000 - 0x00007ffc10fda000 	C:\WINDOWS\SYSTEM32\WINMMBASE.dll
0x00007ffc17190000 - 0x00007ffc17199000 	C:\WINDOWS\system32\NSI.dll
0x00007ffc16230000 - 0x00007ffc1627f000 	C:\WINDOWS\SYSTEM32\cfgmgr32.dll
0x00007ffc14b70000 - 0x00007ffc14b98000 	C:\WINDOWS\SYSTEM32\DEVOBJ.dll
0x0000000066190000 - 0x000000006619f000 	C:\Program Files\Java\jdk1.8.0_40\jre\bin\verify.dll
0x0000000066160000 - 0x0000000066189000 	C:\Program Files\Java\jdk1.8.0_40\jre\bin\java.dll
0x0000000066140000 - 0x0000000066156000 	C:\Program Files\Java\jdk1.8.0_40\jre\bin\zip.dll
0x00007ffc09b00000 - 0x00007ffc09c89000 	C:\WINDOWS\SYSTEM32\dbghelp.dll

VM Arguments:
jvm_args: -Djava.awt.headless=true -Xmx1024M -Dfile.encoding=x-windows-949 -Duser.country=KR -Duser.language=ko -Duser.variant 
java_command: com.android.dx.command.Main --dex --force-jumbo --num-threads=4 --multi-dex --output C:\android\donghyun\AndroidStudioProjects\GoogleMapTest\app\build\intermediates\transforms\dex\debug\folders\1000\5\slice_7 C:\android\donghyun\AndroidStudioProjects\GoogleMapTest\app\build\intermediates\transforms\instantRunSlicer\debug\folders\1\5\slice_7
java_class_path (initial): C:\android\SDK\build-tools\23.0.3\lib\dx.jar
Launcher Type: SUN_STANDARD

Environment Variables:
JAVA_HOME=C:\Program Files (x86)\Java\jre7
PATH=C:\ProgramData\Oracle\Java\javapath;C:\SonarQube\sonar-runner\bin;C:\Program Files (x86)\Java\jre7\bin;C:\opencv\build\x86\vc12\bin;
USERNAME=ÀÌµ¿Çö
OS=Windows_NT
PROCESSOR_IDENTIFIER=Intel64 Family 6 Model 69 Stepping 1, GenuineIntel



---------------  S Y S T E M  ---------------

OS: Windows 8.1 , 64 bit Build 9600 (6.3.9600.17415)

CPU:total 4 (2 cores per cpu, 2 threads per core) family 6 model 69 stepping 1, cmov, cx8, fxsr, mmx, sse, sse2, sse3, ssse3, sse4.1, sse4.2, popcnt, avx, avx2, aes, clmul, erms, lzcnt, ht, tsc, tscinvbit, bmi1, bmi2

Memory: 4k page, physical 4100120k(238680k free), swap 9316352k(6584k free)

vm_info: Java HotSpot(TM) 64-Bit Server VM (25.40-b25) for windows-amd64 JRE (1.8.0_40-b25), built on Feb 10 2015 21:53:57 by "java_re" with MS VC++ 10.0 (VS2010)

time: Tue Nov 22 09:08:09 2016
elapsed time: 7 seconds (0d 0h 0m 7s)

