#
# There is insufficient memory for the Java Runtime Environment to continue.
# Native memory allocation (malloc) failed to allocate 646256 bytes for Chunk::new
# Possible reasons:
#   The system is out of physical RAM or swap space
#   In 32 bit mode, the process size limit was hit
# Possible solutions:
#   Reduce memory load on the system
#   Increase physical memory or swap space
#   Check if swap backing store is full
#   Use 64 bit Java on a 64 bit OS
#   Decrease Java heap size (-Xmx/-Xms)
#   Decrease number of Java threads
#   Decrease Java thread stack sizes (-Xss)
#   Set larger code cache with -XX:ReservedCodeCacheSize=
# This output file may be truncated or incomplete.
#
#  Out of Memory Error (allocation.cpp:390), pid=18104, tid=17708
#
# JRE version: Java(TM) SE Runtime Environment (8.0_40-b25) (build 1.8.0_40-b25)
# Java VM: Java HotSpot(TM) 64-Bit Server VM (25.40-b25 mixed mode windows-amd64 compressed oops)
# Failed to write core dump. Minidumps are not enabled by default on client versions of Windows
#

---------------  T H R E A D  ---------------

Current thread (0x0000000014eda000):  JavaThread "C2 CompilerThread0" daemon [_thread_in_native, id=17708, stack(0x00000000163d0000,0x00000000164d0000)]

Stack: [0x00000000163d0000,0x00000000164d0000]
Native frames: (J=compiled Java code, j=interpreted, Vv=VM code, C=native code)
V  [jvm.dll+0x32b47a]
V  [jvm.dll+0x2797f3]
V  [jvm.dll+0x27a489]
V  [jvm.dll+0x2717a5]
V  [jvm.dll+0xcb9a2]
V  [jvm.dll+0xcbe6c]
V  [jvm.dll+0x49294c]
V  [jvm.dll+0x45f77f]
V  [jvm.dll+0x46a73b]
V  [jvm.dll+0x46cd52]
V  [jvm.dll+0x4500d2]
V  [jvm.dll+0xa4312]
V  [jvm.dll+0xa4c4f]
V  [jvm.dll+0x241914]
V  [jvm.dll+0x29848a]
C  [msvcr100.dll+0x21d9f]
C  [msvcr100.dll+0x21e3b]
C  [KERNEL32.DLL+0x13d2]
C  [ntdll.dll+0x15464]


Current CompileTask:
C2:  32826 2072       4       com.android.dx.ssa.LocalVariableExtractor::processBlock (383 bytes)


---------------  P R O C E S S  ---------------

Java Threads: ( => current thread )
  0x0000000016e46800 JavaThread "pool-2-thread-4" [_thread_blocked, id=13808, stack(0x00000000178d0000,0x00000000179d0000)]
  0x0000000016da4800 JavaThread "pool-2-thread-3" [_thread_blocked, id=18476, stack(0x00000000177d0000,0x00000000178d0000)]
  0x0000000016da3800 JavaThread "pool-2-thread-2" [_thread_blocked, id=19648, stack(0x00000000176d0000,0x00000000177d0000)]
  0x0000000016da2000 JavaThread "pool-3-thread-1" [_thread_blocked, id=17472, stack(0x00000000175d0000,0x00000000176d0000)]
  0x0000000016834000 JavaThread "pool-2-thread-1" [_thread_blocked, id=13764, stack(0x00000000174d0000,0x00000000175d0000)]
  0x0000000016532000 JavaThread "Service Thread" daemon [_thread_blocked, id=20420, stack(0x0000000016ad0000,0x0000000016bd0000)]
  0x000000001652a800 JavaThread "C1 CompilerThread2" daemon [_thread_blocked, id=14432, stack(0x00000000169d0000,0x0000000016ad0000)]
  0x0000000016524800 JavaThread "C2 CompilerThread1" daemon [_thread_blocked, id=2816, stack(0x00000000168d0000,0x00000000169d0000)]
=>0x0000000014eda000 JavaThread "C2 CompilerThread0" daemon [_thread_in_native, id=17708, stack(0x00000000163d0000,0x00000000164d0000)]
  0x0000000014ed8000 JavaThread "Attach Listener" daemon [_thread_blocked, id=18496, stack(0x00000000162d0000,0x00000000163d0000)]
  0x0000000014e8d800 JavaThread "Signal Dispatcher" daemon [_thread_blocked, id=19424, stack(0x00000000161d0000,0x00000000162d0000)]
  0x00000000027a6000 JavaThread "Finalizer" daemon [_thread_blocked, id=17896, stack(0x00000000160d0000,0x00000000161d0000)]
  0x000000000279d000 JavaThread "Reference Handler" daemon [_thread_blocked, id=16956, stack(0x0000000015fd0000,0x00000000160d0000)]
  0x00000000026b0800 JavaThread "main" [_thread_blocked, id=8992, stack(0x00000000021f0000,0x00000000022f0000)]

Other Threads:
  0x0000000014e48000 VMThread [stack: 0x0000000015ed0000,0x0000000015fd0000] [id=14544]
  0x0000000016543800 WatcherThread [stack: 0x0000000016bd0000,0x0000000016cd0000] [id=17324]

VM state:at safepoint (normal execution)

VM Mutex/Monitor currently owned by a thread:  ([mutex/lock_event])
[0x0000000000a2c0d0] Threads_lock - owner thread: 0x0000000014e48000
[0x0000000000a2bc50] Heap_lock - owner thread: 0x0000000016da4800
[0x0000000000a2dbe0] Compile_lock - owner thread: 0x0000000016da3800
[0x0000000000a2dc60] MethodCompileQueue_lock - owner thread: 0x0000000016524800

Heap:
 PSYoungGen      total 143360K, used 120320K [0x00000000eab00000, 0x00000000fd000000, 0x0000000100000000)
  eden space 120320K, 100% used [0x00000000eab00000,0x00000000f2080000,0x00000000f2080000)
  from space 23040K, 0% used [0x00000000f2080000,0x00000000f2080000,0x00000000f3700000)
  to   space 53760K, 0% used [0x00000000f9b80000,0x00000000f9b80000,0x00000000fd000000)
 ParOldGen       total 94208K, used 94144K [0x00000000c0000000, 0x00000000c5c00000, 0x00000000eab00000)
  object space 94208K, 99% used [0x00000000c0000000,0x00000000c5bf0320,0x00000000c5c00000)
 Metaspace       used 6505K, capacity 7256K, committed 7424K, reserved 1056768K
  class space    used 616K, capacity 656K, committed 768K, reserved 1048576K

Card table byte_map: [0x0000000011b70000,0x0000000011d80000] byte_map_base: 0x0000000011570000

Marking Bits: (ParMarkBitMap*) 0x0000000065534040
 Begin Bits: [0x00000000122e0000, 0x00000000132e0000)
 End Bits:   [0x00000000132e0000, 0x00000000142e0000)

Polling page: 0x0000000000a90000

CodeCache: size=245760Kb used=9538Kb max_used=9538Kb free=236221Kb
 bounds [0x00000000027b0000, 0x0000000003110000, 0x00000000117b0000]
 total_blobs=2290 nmethods=2016 adapters=184
 compilation: enabled

Compilation events (10 events):
Event: 22.277 Thread 0x000000001652a800 2069       1       java.lang.ref.Reference::access$100 (4 bytes)
Event: 22.278 Thread 0x000000001652a800 nmethod 2069 0x00000000030a64d0 code [0x00000000030a6620, 0x00000000030a6710]
Event: 22.278 Thread 0x000000001652a800 2070       1       java.lang.ref.Finalizer::access$000 (4 bytes)
Event: 22.278 Thread 0x000000001652a800 nmethod 2070 0x000000000304ac10 code [0x000000000304ad60, 0x000000000304ae50]
Event: 22.282 Thread 0x0000000016524800 2071   !   4       com.android.dx.ssa.LocalVariableInfo::setStarts (40 bytes)
Event: 22.282 Thread 0x0000000014eda000 2072       4       com.android.dx.ssa.LocalVariableExtractor::processBlock (383 bytes)
Event: 22.284 Thread 0x0000000016524800 nmethod 2071 0x00000000030b8c10 code [0x00000000030b8d60, 0x00000000030b8e58]
Event: 22.285 Thread 0x0000000016524800 2073       4       com.android.dx.ssa.LocalVariableInfo::mergeStarts (59 bytes)
Event: 23.358 Thread 0x0000000016524800 nmethod 2073 0x000000000309d290 code [0x000000000309d460, 0x000000000309e2a0]
Event: 23.358 Thread 0x0000000016524800 2076 %     4       com.android.dx.ssa.Dominators::run @ 137 (506 bytes)

GC Heap History (10 events):
Event: 10.919 GC heap after
Heap after GC invocations=7 (full 0):
 PSYoungGen      total 74752K, used 10738K [0x00000000eab00000, 0x00000000f4600000, 0x0000000100000000)
  eden space 64000K, 0% used [0x00000000eab00000,0x00000000eab00000,0x00000000ee980000)
  from space 10752K, 99% used [0x00000000ee980000,0x00000000ef3fc8f0,0x00000000ef400000)
  to   space 15360K, 0% used [0x00000000f3700000,0x00000000f3700000,0x00000000f4600000)
 ParOldGen       total 44032K, used 17563K [0x00000000c0000000, 0x00000000c2b00000, 0x00000000eab00000)
  object space 44032K, 39% used [0x00000000c0000000,0x00000000c1126c68,0x00000000c2b00000)
 Metaspace       used 6482K, capacity 7256K, committed 7424K, reserved 1056768K
  class space    used 616K, capacity 656K, committed 768K, reserved 1048576K
}
Event: 11.917 GC heap before
{Heap before GC invocations=8 (full 0):
 PSYoungGen      total 74752K, used 74738K [0x00000000eab00000, 0x00000000f4600000, 0x0000000100000000)
  eden space 64000K, 100% used [0x00000000eab00000,0x00000000ee980000,0x00000000ee980000)
  from space 10752K, 99% used [0x00000000ee980000,0x00000000ef3fc8f0,0x00000000ef400000)
  to   space 15360K, 0% used [0x00000000f3700000,0x00000000f3700000,0x00000000f4600000)
 ParOldGen       total 44032K, used 17563K [0x00000000c0000000, 0x00000000c2b00000, 0x00000000eab00000)
  object space 44032K, 39% used [0x00000000c0000000,0x00000000c1126c68,0x00000000c2b00000)
 Metaspace       used 6501K, capacity 7256K, committed 7424K, reserved 1056768K
  class space    used 616K, capacity 656K, committed 768K, reserved 1048576K
Event: 12.024 GC heap after
Heap after GC invocations=8 (full 0):
 PSYoungGen      total 135680K, used 15336K [0x00000000eab00000, 0x00000000f5500000, 0x0000000100000000)
  eden space 120320K, 0% used [0x00000000eab00000,0x00000000eab00000,0x00000000f2080000)
  from space 15360K, 99% used [0x00000000f3700000,0x00000000f45fa198,0x00000000f4600000)
  to   space 23040K, 0% used [0x00000000f2080000,0x00000000f2080000,0x00000000f3700000)
 ParOldGen       total 44032K, used 28223K [0x00000000c0000000, 0x00000000c2b00000, 0x00000000eab00000)
  object space 44032K, 64% used [0x00000000c0000000,0x00000000c1b8fcc8,0x00000000c2b00000)
 Metaspace       used 6501K, capacity 7256K, committed 7424K, reserved 1056768K
  class space    used 616K, capacity 656K, committed 768K, reserved 1048576K
}
Event: 15.670 GC heap before
{Heap before GC invocations=9 (full 0):
 PSYoungGen      total 135680K, used 135656K [0x00000000eab00000, 0x00000000f5500000, 0x0000000100000000)
  eden space 120320K, 100% used [0x00000000eab00000,0x00000000f2080000,0x00000000f2080000)
  from space 15360K, 99% used [0x00000000f3700000,0x00000000f45fa198,0x00000000f4600000)
  to   space 23040K, 0% used [0x00000000f2080000,0x00000000f2080000,0x00000000f3700000)
 ParOldGen       total 44032K, used 28223K [0x00000000c0000000, 0x00000000c2b00000, 0x00000000eab00000)
  object space 44032K, 64% used [0x00000000c0000000,0x00000000c1b8fcc8,0x00000000c2b00000)
 Metaspace       used 6502K, capacity 7256K, committed 7424K, reserved 1056768K
  class space    used 616K, capacity 656K, committed 768K, reserved 1048576K
Event: 16.592 GC heap after
Heap after GC invocations=9 (full 0):
 PSYoungGen      total 143360K, used 23016K [0x00000000eab00000, 0x00000000fd000000, 0x0000000100000000)
  eden space 120320K, 0% used [0x00000000eab00000,0x00000000eab00000,0x00000000f2080000)
  from space 23040K, 99% used [0x00000000f2080000,0x00000000f36fa258,0x00000000f3700000)
  to   space 53760K, 0% used [0x00000000f9b80000,0x00000000f9b80000,0x00000000fd000000)
 ParOldGen       total 94208K, used 94154K [0x00000000c0000000, 0x00000000c5c00000, 0x00000000eab00000)
  object space 94208K, 99% used [0x00000000c0000000,0x00000000c5bf29f0,0x00000000c5c00000)
 Metaspace       used 6502K, capacity 7256K, committed 7424K, reserved 1056768K
  class space    used 616K, capacity 656K, committed 768K, reserved 1048576K
}
Event: 16.592 GC heap before
{Heap before GC invocations=10 (full 1):
 PSYoungGen      total 143360K, used 23016K [0x00000000eab00000, 0x00000000fd000000, 0x0000000100000000)
  eden space 120320K, 0% used [0x00000000eab00000,0x00000000eab00000,0x00000000f2080000)
  from space 23040K, 99% used [0x00000000f2080000,0x00000000f36fa258,0x00000000f3700000)
  to   space 53760K, 0% used [0x00000000f9b80000,0x00000000f9b80000,0x00000000fd000000)
 ParOldGen       total 94208K, used 94154K [0x00000000c0000000, 0x00000000c5c00000, 0x00000000eab00000)
  object space 94208K, 99% used [0x00000000c0000000,0x00000000c5bf29f0,0x00000000c5c00000)
 Metaspace       used 6502K, capacity 7256K, committed 7424K, reserved 1056768K
  class space    used 616K, capacity 656K, committed 768K, reserved 1048576K
Event: 22.264 GC heap after
Heap after GC invocations=10 (full 1):
 PSYoungGen      total 143360K, used 12707K [0x00000000eab00000, 0x00000000fd000000, 0x0000000100000000)
  eden space 120320K, 0% used [0x00000000eab00000,0x00000000eab00000,0x00000000f2080000)
  from space 23040K, 55% used [0x00000000f2080000,0x00000000f2ce8ec0,0x00000000f3700000)
  to   space 53760K, 0% used [0x00000000f9b80000,0x00000000f9b80000,0x00000000fd000000)
 ParOldGen       total 94208K, used 94024K [0x00000000c0000000, 0x00000000c5c00000, 0x00000000eab00000)
  object space 94208K, 99% used [0x00000000c0000000,0x00000000c5bd2050,0x00000000c5c00000)
 Metaspace       used 6502K, capacity 7256K, committed 7424K, reserved 1056768K
  class space    used 616K, capacity 656K, committed 768K, reserved 1048576K
}
Event: 23.452 GC heap before
{Heap before GC invocations=11 (full 2):
 PSYoungGen      total 143360K, used 133027K [0x00000000eab00000, 0x00000000fd000000, 0x0000000100000000)
  eden space 120320K, 100% used [0x00000000eab00000,0x00000000f2080000,0x00000000f2080000)
  from space 23040K, 55% used [0x00000000f2080000,0x00000000f2ce8ec0,0x00000000f3700000)
  to   space 53760K, 0% used [0x00000000f9b80000,0x00000000f9b80000,0x00000000fd000000)
 ParOldGen       total 94208K, used 94024K [0x00000000c0000000, 0x00000000c5c00000, 0x00000000eab00000)
  object space 94208K, 99% used [0x00000000c0000000,0x00000000c5bd2050,0x00000000c5c00000)
 Metaspace       used 6505K, capacity 7256K, committed 7424K, reserved 1056768K
  class space    used 616K, capacity 656K, committed 768K, reserved 1048576K
Event: 29.747 GC heap after
Heap after GC invocations=11 (full 2):
 PSYoungGen      total 143360K, used 76218K [0x00000000eab00000, 0x00000000fd000000, 0x0000000100000000)
  eden space 120320K, 63% used [0x00000000eab00000,0x00000000ef56e8a8,0x00000000f2080000)
  from space 23040K, 0% used [0x00000000f2080000,0x00000000f2080000,0x00000000f3700000)
  to   space 53760K, 0% used [0x00000000f9b80000,0x00000000f9b80000,0x00000000fd000000)
 ParOldGen       total 94208K, used 94144K [0x00000000c0000000, 0x00000000c5c00000, 0x00000000eab00000)
  object space 94208K, 99% used [0x00000000c0000000,0x00000000c5bf0320,0x00000000c5c00000)
 Metaspace       used 6505K, capacity 7256K, committed 7424K, reserved 1056768K
  class space    used 616K, capacity 656K, committed 768K, reserved 1048576K
}
Event: 30.764 GC heap before
{Heap before GC invocations=12 (full 3):
 PSYoungGen      total 143360K, used 120320K [0x00000000eab00000, 0x00000000fd000000, 0x0000000100000000)
  eden space 120320K, 100% used [0x00000000eab00000,0x00000000f2080000,0x00000000f2080000)
  from space 23040K, 0% used [0x00000000f2080000,0x00000000f2080000,0x00000000f3700000)
  to   space 53760K, 0% used [0x00000000f9b80000,0x00000000f9b80000,0x00000000fd000000)
 ParOldGen       total 94208K, used 94144K [0x00000000c0000000, 0x00000000c5c00000, 0x00000000eab00000)
  object space 94208K, 99% used [0x00000000c0000000,0x00000000c5bf0320,0x00000000c5c00000)
 Metaspace       used 6505K, capacity 7256K, committed 7424K, reserved 1056768K
  class space    used 616K, capacity 656K, committed 768K, reserved 1048576K

Deoptimization events (10 events):
Event: 9.758 Thread 0x0000000016834000 Uncommon trap: reason=bimorphic action=maybe_recompile pc=0x0000000002eddbc4 method=com.android.dx.ssa.SCCP.simulatePhi(Lcom/android/dx/ssa/PhiInsn;)V @ 124
Event: 9.758 Thread 0x0000000016834000 Uncommon trap: reason=bimorphic action=maybe_recompile pc=0x0000000002eddbc4 method=com.android.dx.ssa.SCCP.simulatePhi(Lcom/android/dx/ssa/PhiInsn;)V @ 124
Event: 9.798 Thread 0x0000000016e46800 Uncommon trap: reason=class_check action=maybe_recompile pc=0x0000000002ccf81c method=java.util.HashMap.putVal(ILjava/lang/Object;Ljava/lang/Object;ZZ)Ljava/lang/Object; @ 203
Event: 9.798 Thread 0x0000000016e46800 Uncommon trap: reason=class_check action=maybe_recompile pc=0x0000000002ccf81c method=java.util.HashMap.putVal(ILjava/lang/Object;Ljava/lang/Object;ZZ)Ljava/lang/Object; @ 203
Event: 9.799 Thread 0x0000000016e46800 Uncommon trap: reason=class_check action=maybe_recompile pc=0x0000000002ccf81c method=java.util.HashMap.putVal(ILjava/lang/Object;Ljava/lang/Object;ZZ)Ljava/lang/Object; @ 203
Event: 9.799 Thread 0x0000000016e46800 Uncommon trap: reason=class_check action=maybe_recompile pc=0x0000000002ccf81c method=java.util.HashMap.putVal(ILjava/lang/Object;Ljava/lang/Object;ZZ)Ljava/lang/Object; @ 203
Event: 9.991 Thread 0x0000000016e46800 Uncommon trap: reason=unstable_if action=reinterpret pc=0x0000000002e27024 method=com.android.dx.rop.code.RegisterSpecSet.put(Lcom/android/dx/rop/code/RegisterSpec;)V @ 77
Event: 10.937 Thread 0x0000000016da3800 Uncommon trap: reason=class_check action=maybe_recompile pc=0x0000000002da5a2c method=com.android.dx.ssa.SCCP.simulateBranch(Lcom/android/dx/ssa/SsaInsn;)V @ 145
Event: 11.317 Thread 0x0000000016da3800 Uncommon trap: reason=speculate_class_check action=maybe_recompile pc=0x0000000002fce4dc method=com.android.dx.rop.cst.TypedConstant.getBasicType()I @ 1
Event: 11.724 Thread 0x0000000016da3800 Uncommon trap: reason=unstable_if action=reinterpret pc=0x0000000002e1add4 method=com.android.dx.ssa.MoveParamCombiner$1.visitNonMoveInsn(Lcom/android/dx/ssa/NormalSsaInsn;)V @ 27

Internal exceptions (6 events):
Event: 3.851 Thread 0x00000000026b0800 Exception <a 'java/lang/NoSuchMethodError': Method sun.misc.Unsafe.defineClass(Ljava/lang/String;[BII)Ljava/lang/Class; name or signature does not match> (0x00000000eab12f20) thrown at [D:\re\workspace\8-2-build-windows-amd64-cygwin\jdk8u40\2855\hotspot\sr”zËQvÎ@
Event: 3.851 Thread 0x00000000026b0800 Exception <a 'java/lang/NoSuchMethodError': Method sun.misc.Unsafe.prefetchRead(Ljava/lang/Object;J)V name or signature does not match> (0x00000000eab131b0) thrown at [D:\re\workspace\8-2-build-windows-amd64-cygwin\jdk8u40\2855\hotspot\src\share\vm\prims\jŸÌÁû,ü@
Event: 6.996 Thread 0x0000000016e46800 Implicit null exception at 0x0000000002a82ae2 to 0x0000000002a82bd5
Event: 9.436 Thread 0x0000000016834000 Exception <a 'java/lang/ArrayIndexOutOfBoundsException': 18> (0x00000000ec0e50f8) thrown at [D:\re\workspace\8-2-build-windows-amd64-cygwin\jdk8u40\2855\hotspot\src\share\vm\interpreter\interpreterRuntime.cpp, line 366]
Event: 9.436 Thread 0x0000000016834000 Exception <a 'java/lang/ArrayIndexOutOfBoundsException'> (0x00000000ec0e6bc8) thrown at [D:\re\workspace\8-2-build-windows-amd64-cygwin\jdk8u40\2855\hotspot\src\share\vm\runtime\sharedRuntime.cpp, line 605]
Event: 9.440 Thread 0x0000000016834000 Exception <a 'java/lang/ArrayIndexOutOfBoundsException'> (0x00000000ec121c78) thrown at [D:\re\workspace\8-2-build-windows-amd64-cygwin\jdk8u40\2855\hotspot\src\share\vm\runtime\sharedRuntime.cpp, line 605]

Events (10 events):
Event: 23.348 Thread 0x0000000016da4800 DEOPT UNPACKING pc=0x00000000027f787f sp=0x00000000178ce770 mode 0
Event: 23.348 Thread 0x00000000026b0800 DEOPT UNPACKING pc=0x00000000027f787f sp=0x00000000022ee098 mode 0
Event: 23.381 Thread 0x0000000016834000 DEOPT UNPACKING pc=0x00000000027f787f sp=0x00000000175ce710 mode 0
Event: 23.394 Executing VM operation: ParallelGCFailedAllocation
Event: 29.747 Executing VM operation: ParallelGCFailedAllocation done
Event: 29.753 Executing VM operation: Deoptimize
Event: 30.749 Executing VM operation: Deoptimize done
Event: 30.749 Thread 0x0000000016e46800 DEOPT PACKING pc=0x0000000002be116d sp=0x00000000179cea30
Event: 30.749 Thread 0x0000000016e46800 DEOPT UNPACKING pc=0x00000000027f787f sp=0x00000000179ce798 mode 0
Event: 30.763 Executing VM operation: ParallelGCFailedAllocation


Dynamic libraries:
0x00007ff7c07f0000 - 0x00007ff7c0827000 	C:\Program Files\Java\jdk1.8.0_40\bin\java.exe
0x00007ffc18be0000 - 0x00007ffc18d8c000 	C:\WINDOWS\SYSTEM32\ntdll.dll
0x00007ffc18970000 - 0x00007ffc18aae000 	C:\WINDOWS\system32\KERNEL32.DLL
0x00007ffc15f00000 - 0x00007ffc16015000 	C:\WINDOWS\system32\KERNELBASE.dll
0x00007ffc148f0000 - 0x00007ffc1497e000 	C:\WINDOWS\system32\apphelp.dll
0x00007ffbf9570000 - 0x00007ffbf95c3000 	C:\WINDOWS\AppPatch\AppPatch64\AcGenral.DLL
0x00007ffc163a0000 - 0x00007ffc1644a000 	C:\WINDOWS\system32\msvcrt.dll
0x00007ffc16020000 - 0x00007ffc1604e000 	C:\WINDOWS\system32\SspiCli.dll
0x00007ffc16340000 - 0x00007ffc16394000 	C:\WINDOWS\system32\SHLWAPI.dll
0x00007ffc16df0000 - 0x00007ffc16f67000 	C:\WINDOWS\system32\USER32.dll
0x00007ffc16450000 - 0x00007ffc165e4000 	C:\WINDOWS\system32\ole32.dll
0x00007ffc17410000 - 0x00007ffc18928000 	C:\WINDOWS\system32\SHELL32.dll
0x00007ffc152f0000 - 0x00007ffc15311000 	C:\WINDOWS\SYSTEM32\USERENV.dll
0x00007ffc16ce0000 - 0x00007ffc16d8a000 	C:\WINDOWS\system32\ADVAPI32.dll
0x00007ffc084b0000 - 0x00007ffc084ce000 	C:\WINDOWS\SYSTEM32\MPR.dll
0x00007ffc17040000 - 0x00007ffc17180000 	C:\WINDOWS\system32\RPCRT4.dll
0x00007ffc16c70000 - 0x00007ffc16cc9000 	C:\WINDOWS\SYSTEM32\sechost.dll
0x00007ffc165f0000 - 0x00007ffc16801000 	C:\WINDOWS\SYSTEM32\combase.dll
0x00007ffc16970000 - 0x00007ffc16abf000 	C:\WINDOWS\system32\GDI32.dll
0x00007ffc15d20000 - 0x00007ffc15d35000 	C:\WINDOWS\SYSTEM32\profapi.dll
0x00007ffc14530000 - 0x00007ffc145e2000 	C:\WINDOWS\SYSTEM32\SHCORE.dll
0x00007ffc18930000 - 0x00007ffc18966000 	C:\WINDOWS\system32\IMM32.DLL
0x00007ffc16810000 - 0x00007ffc16962000 	C:\WINDOWS\system32\MSCTF.dll
0x00007ffc13c50000 - 0x00007ffc13eca000 	C:\WINDOWS\WinSxS\amd64_microsoft.windows.common-controls_6595b64144ccf1df_6.0.9600.17810_none_6240b9c7ecbd0bda\COMCTL32.dll
0x0000000066fd0000 - 0x00000000670a2000 	C:\Program Files\Java\jdk1.8.0_40\jre\bin\msvcr100.dll
0x0000000064d30000 - 0x00000000655b3000 	C:\Program Files\Java\jdk1.8.0_40\jre\bin\server\jvm.dll
0x00007ffc0bbf0000 - 0x00007ffc0bbf9000 	C:\WINDOWS\SYSTEM32\WSOCK32.dll
0x00007ffc11420000 - 0x00007ffc11442000 	C:\WINDOWS\SYSTEM32\WINMM.dll
0x00007ffc120e0000 - 0x00007ffc120ea000 	C:\WINDOWS\SYSTEM32\VERSION.dll
0x00007ffc16cd0000 - 0x00007ffc16cd7000 	C:\WINDOWS\system32\PSAPI.DLL
0x00007ffc16d90000 - 0x00007ffc16dea000 	C:\WINDOWS\system32\WS2_32.dll
0x00007ffc10fb0000 - 0x00007ffc10fda000 	C:\WINDOWS\SYSTEM32\WINMMBASE.dll
0x00007ffc17190000 - 0x00007ffc17199000 	C:\WINDOWS\system32\NSI.dll
0x00007ffc16230000 - 0x00007ffc1627f000 	C:\WINDOWS\SYSTEM32\cfgmgr32.dll
0x00007ffc14b70000 - 0x00007ffc14b98000 	C:\WINDOWS\SYSTEM32\DEVOBJ.dll
0x0000000066190000 - 0x000000006619f000 	C:\Program Files\Java\jdk1.8.0_40\jre\bin\verify.dll
0x0000000066160000 - 0x0000000066189000 	C:\Program Files\Java\jdk1.8.0_40\jre\bin\java.dll
0x0000000066140000 - 0x0000000066156000 	C:\Program Files\Java\jdk1.8.0_40\jre\bin\zip.dll
0x00007ffc09b00000 - 0x00007ffc09c89000 	C:\WINDOWS\SYSTEM32\dbghelp.dll

VM Arguments:
jvm_args: -Djava.awt.headless=true -Xmx1024M -Dfile.encoding=x-windows-949 -Duser.country=KR -Duser.language=ko -Duser.variant 
java_command: com.android.dx.command.Main --dex --force-jumbo --num-threads=4 --multi-dex --output C:\android\donghyun\AndroidStudioProjects\GoogleMapTest\app\build\intermediates\transforms\dex\debug\folders\1000\10\com.google.android.gms-play-services-ads-8.4.0_92c495894d15bc829f7e257d3ed4b0460fd6d61a C:\android\donghyun\AndroidStudioProjects\GoogleMapTest\app\build\intermediates\exploded-aar\com.google.android.gms\play-services-ads\8.4.0\jars\classes.jar
java_class_path (initial): C:\android\SDK\build-tools\23.0.3\lib\dx.jar
Launcher Type: SUN_STANDARD

Environment Variables:
JAVA_HOME=C:\Program Files (x86)\Java\jre7
PATH=C:\ProgramData\Oracle\Java\javapath;C:\SonarQube\sonar-runner\bin;C:\Program Files (x86)\Java\jre7\bin;C:\opencv\build\x86\vc12\bin;
USERNAME=ÀÌµ¿Çö
OS=Windows_NT
PROCESSOR_IDENTIFIER=Intel64 Family 6 Model 69 Stepping 1, GenuineIntel



---------------  S Y S T E M  ---------------

OS: Windows 8.1 , 64 bit Build 9600 (6.3.9600.17415)

CPU:total 4 (2 cores per cpu, 2 threads per core) family 6 model 69 stepping 1, cmov, cx8, fxsr, mmx, sse, sse2, sse3, ssse3, sse4.1, sse4.2, popcnt, avx, avx2, aes, clmul, erms, lzcnt, ht, tsc, tscinvbit, bmi1, bmi2

Memory: 4k page, physical 4100120k(288196k free), swap 9316352k(64548k free)

vm_info: Java HotSpot(TM) 64-Bit Server VM (25.40-b25) for windows-amd64 JRE (1.8.0_40-b25), built on Feb 10 2015 21:53:57 by "java_re" with MS VC++ 10.0 (VS2010)

time: Tue Nov 22 09:08:12 2016
elapsed time: 32 seconds (0d 0h 0m 32s)

