#
# There is insufficient memory for the Java Runtime Environment to continue.
# Native memory allocation (malloc) failed to allocate 1403984 bytes for Chunk::new
# Possible reasons:
#   The system is out of physical RAM or swap space
#   In 32 bit mode, the process size limit was hit
# Possible solutions:
#   Reduce memory load on the system
#   Increase physical memory or swap space
#   Check if swap backing store is full
#   Use 64 bit Java on a 64 bit OS
#   Decrease Java heap size (-Xmx/-Xms)
#   Decrease number of Java threads
#   Decrease Java thread stack sizes (-Xss)
#   Set larger code cache with -XX:ReservedCodeCacheSize=
# This output file may be truncated or incomplete.
#
#  Out of Memory Error (allocation.cpp:390), pid=16976, tid=9584
#
# JRE version: Java(TM) SE Runtime Environment (8.0_40-b25) (build 1.8.0_40-b25)
# Java VM: Java HotSpot(TM) 64-Bit Server VM (25.40-b25 mixed mode windows-amd64 compressed oops)
# Failed to write core dump. Minidumps are not enabled by default on client versions of Windows
#

---------------  T H R E A D  ---------------

Current thread (0x0000000016324800):  JavaThread "C2 CompilerThread1" daemon [_thread_in_native, id=9584, stack(0x00000000166d0000,0x00000000167d0000)]

Stack: [0x00000000166d0000,0x00000000167d0000]
Native frames: (J=compiled Java code, j=interpreted, Vv=VM code, C=native code)
V  [jvm.dll+0x32b47a]
V  [jvm.dll+0x2797f3]
V  [jvm.dll+0x27a489]
V  [jvm.dll+0x2717a5]
V  [jvm.dll+0xcb9a2]
V  [jvm.dll+0xcbe6c]
V  [jvm.dll+0x464332]
V  [jvm.dll+0x4db615]
V  [jvm.dll+0x4dc217]
V  [jvm.dll+0x46a551]
V  [jvm.dll+0x46cd52]
V  [jvm.dll+0x4500d2]
V  [jvm.dll+0xa4312]
V  [jvm.dll+0xa4c4f]
V  [jvm.dll+0x241914]
V  [jvm.dll+0x29848a]
C  [msvcr100.dll+0x21d9f]
C  [msvcr100.dll+0x21e3b]
C  [KERNEL32.DLL+0x13d2]
C  [ntdll.dll+0x15464]


Current CompileTask:
C2:  61745 2710       4       com.android.dx.dex.code.OutputFinisher::getAllConstants (47 bytes)


---------------  P R O C E S S  ---------------

Java Threads: ( => current thread )
  0x0000000016ca9800 JavaThread "pool-1-thread-1" [_thread_in_vm, id=8960, stack(0x00000000198a0000,0x00000000199a0000)]
  0x0000000016332000 JavaThread "Service Thread" daemon [_thread_blocked, id=16420, stack(0x00000000168d0000,0x00000000169d0000)]
  0x000000001632a800 JavaThread "C1 CompilerThread2" daemon [_thread_in_vm, id=11372, stack(0x00000000167d0000,0x00000000168d0000)]
=>0x0000000016324800 JavaThread "C2 CompilerThread1" daemon [_thread_in_native, id=9584, stack(0x00000000166d0000,0x00000000167d0000)]
  0x0000000014cda000 JavaThread "C2 CompilerThread0" daemon [_thread_in_native, id=20232, stack(0x00000000161d0000,0x00000000162d0000)]
  0x0000000014cd8000 JavaThread "Attach Listener" daemon [_thread_blocked, id=3260, stack(0x00000000160d0000,0x00000000161d0000)]
  0x0000000014c8d800 JavaThread "Signal Dispatcher" daemon [_thread_blocked, id=16388, stack(0x0000000015fd0000,0x00000000160d0000)]
  0x00000000025a6000 JavaThread "Finalizer" daemon [_thread_blocked, id=20192, stack(0x0000000015ed0000,0x0000000015fd0000)]
  0x000000000259d000 JavaThread "Reference Handler" daemon [_thread_blocked, id=7984, stack(0x0000000015dd0000,0x0000000015ed0000)]
  0x00000000024b0800 JavaThread "main" [_thread_blocked, id=17472, stack(0x00000000023b0000,0x00000000024b0000)]

Other Threads:
  0x0000000014c48000 VMThread [stack: 0x0000000015cd0000,0x0000000015dd0000] [id=15972]
  0x0000000016343800 WatcherThread [stack: 0x00000000169d0000,0x0000000016ad0000] [id=14732]

VM state:synchronizing (normal execution)

VM Mutex/Monitor currently owned by a thread:  ([mutex/lock_event])
[0x0000000001fdb780] CodeCache_lock - owner thread: 0x000000001632a800
[0x0000000001fdbbd0] Threads_lock - owner thread: 0x0000000014c48000
[0x0000000001fdd160] Compile_lock - owner thread: 0x0000000016ca9800
[0x0000000001fdd5e0] PeriodicTask_lock - owner thread: 0x0000000016343800

Heap:
 PSYoungGen      total 232960K, used 158600K [0x00000000eab00000, 0x0000000100000000, 0x0000000100000000)
  eden space 116736K, 88% used [0x00000000eab00000,0x00000000f0f59588,0x00000000f1d00000)
  from space 116224K, 48% used [0x00000000f8e80000,0x00000000fc508b38,0x0000000100000000)
  to   space 116224K, 0% used [0x00000000f1d00000,0x00000000f1d00000,0x00000000f8e80000)
 ParOldGen       total 334848K, used 212368K [0x00000000c0000000, 0x00000000d4700000, 0x00000000eab00000)
  object space 334848K, 63% used [0x00000000c0000000,0x00000000ccf642b0,0x00000000d4700000)
 Metaspace       used 6624K, capacity 7320K, committed 7680K, reserved 1056768K
  class space    used 625K, capacity 656K, committed 768K, reserved 1048576K

Card table byte_map: [0x0000000011970000,0x0000000011b80000] byte_map_base: 0x0000000011370000

Marking Bits: (ParMarkBitMap*) 0x0000000065534040
 Begin Bits: [0x00000000120e0000, 0x00000000130e0000)
 End Bits:   [0x00000000130e0000, 0x00000000140e0000)

Polling page: 0x0000000000620000

CodeCache: size=245760Kb used=10173Kb max_used=11428Kb free=235586Kb
 bounds [0x00000000025b0000, 0x00000000030f0000, 0x00000000115b0000]
 total_blobs=2369 nmethods=2097 adapters=184
 compilation: enabled

Compilation events (10 events):
Event: 57.800 Thread 0x000000001632a800 2716  s    3       com.android.dx.dex.file.TypeIdsSection::intern (62 bytes)
Event: 57.801 Thread 0x000000001632a800 nmethod 2716 0x0000000002983dd0 code [0x0000000002983fe0, 0x0000000002984bc8]
Event: 58.395 Thread 0x000000001632a800 2718       3       com.android.dx.rop.cst.CstMemberRef::equals (56 bytes)
Event: 58.396 Thread 0x000000001632a800 nmethod 2718 0x0000000002d002d0 code [0x0000000002d00480, 0x0000000002d00c68]
Event: 58.970 Thread 0x000000001632a800 2720       3       com.android.dx.rop.code.SwitchInsn::getCatches (4 bytes)
Event: 58.970 Thread 0x000000001632a800 nmethod 2720 0x00000000028b82d0 code [0x00000000028b8420, 0x00000000028b8570]
Event: 59.041 Thread 0x000000001632a800 2722       3       com.android.dx.dex.file.AnnotationItem::hashCode (8 bytes)
Event: 59.041 Thread 0x000000001632a800 nmethod 2722 0x0000000002a25dd0 code [0x0000000002a25f40, 0x0000000002a26148]
Event: 59.042 Thread 0x000000001632a800 2723       3       com.android.dx.dex.file.AnnotationSetItem::addContents (48 bytes)
Event: 59.042 Thread 0x000000001632a800 nmethod 2723 0x0000000002a1ac10 code [0x0000000002a1ada0, 0x0000000002a1b368]

GC Heap History (10 events):
Event: 45.973 GC heap before
{Heap before GC invocations=18 (full 3):
 PSYoungGen      total 232960K, used 204849K [0x00000000eab00000, 0x0000000100000000, 0x0000000100000000)
  eden space 116736K, 100% used [0x00000000eab00000,0x00000000f1d00000,0x00000000f1d00000)
  from space 116224K, 75% used [0x00000000f8e80000,0x00000000fe48c710,0x0000000100000000)
  to   space 116224K, 0% used [0x00000000f1d00000,0x00000000f1d00000,0x00000000f8e80000)
 ParOldGen       total 271872K, used 169823K [0x00000000c0000000, 0x00000000d0980000, 0x00000000eab00000)
  object space 271872K, 62% used [0x00000000c0000000,0x00000000ca5d7ea0,0x00000000d0980000)
 Metaspace       used 6511K, capacity 7256K, committed 7424K, reserved 1056768K
  class space    used 619K, capacity 656K, committed 768K, reserved 1048576K
Event: 46.771 GC heap after
Heap after GC invocations=18 (full 3):
 PSYoungGen      total 232960K, used 27600K [0x00000000eab00000, 0x0000000100000000, 0x0000000100000000)
  eden space 116736K, 0% used [0x00000000eab00000,0x00000000eab00000,0x00000000f1d00000)
  from space 116224K, 23% used [0x00000000f1d00000,0x00000000f37f42e8,0x00000000f8e80000)
  to   space 116224K, 0% used [0x00000000f8e80000,0x00000000f8e80000,0x0000000100000000)
 ParOldGen       total 271872K, used 256568K [0x00000000c0000000, 0x00000000d0980000, 0x00000000eab00000)
  object space 271872K, 94% used [0x00000000c0000000,0x00000000cfa8e1b0,0x00000000d0980000)
 Metaspace       used 6511K, capacity 7256K, committed 7424K, reserved 1056768K
  class space    used 619K, capacity 656K, committed 768K, reserved 1048576K
}
Event: 46.771 GC heap before
{Heap before GC invocations=19 (full 4):
 PSYoungGen      total 232960K, used 27600K [0x00000000eab00000, 0x0000000100000000, 0x0000000100000000)
  eden space 116736K, 0% used [0x00000000eab00000,0x00000000eab00000,0x00000000f1d00000)
  from space 116224K, 23% used [0x00000000f1d00000,0x00000000f37f42e8,0x00000000f8e80000)
  to   space 116224K, 0% used [0x00000000f8e80000,0x00000000f8e80000,0x0000000100000000)
 ParOldGen       total 271872K, used 256568K [0x00000000c0000000, 0x00000000d0980000, 0x00000000eab00000)
  object space 271872K, 94% used [0x00000000c0000000,0x00000000cfa8e1b0,0x00000000d0980000)
 Metaspace       used 6511K, capacity 7256K, committed 7424K, reserved 1056768K
  class space    used 619K, capacity 656K, committed 768K, reserved 1048576K
Event: 50.605 GC heap after
Heap after GC invocations=19 (full 4):
 PSYoungGen      total 232960K, used 0K [0x00000000eab00000, 0x0000000100000000, 0x0000000100000000)
  eden space 116736K, 0% used [0x00000000eab00000,0x00000000eab00000,0x00000000f1d00000)
  from space 116224K, 0% used [0x00000000f1d00000,0x00000000f1d00000,0x00000000f8e80000)
  to   space 116224K, 0% used [0x00000000f8e80000,0x00000000f8e80000,0x0000000100000000)
 ParOldGen       total 334848K, used 152431K [0x00000000c0000000, 0x00000000d4700000, 0x00000000eab00000)
  object space 334848K, 45% used [0x00000000c0000000,0x00000000c94dbf40,0x00000000d4700000)
 Metaspace       used 6511K, capacity 7256K, committed 7424K, reserved 1056768K
  class space    used 619K, capacity 656K, committed 768K, reserved 1048576K
}
Event: 52.852 GC heap before
{Heap before GC invocations=20 (full 4):
 PSYoungGen      total 232960K, used 116736K [0x00000000eab00000, 0x0000000100000000, 0x0000000100000000)
  eden space 116736K, 100% used [0x00000000eab00000,0x00000000f1d00000,0x00000000f1d00000)
  from space 116224K, 0% used [0x00000000f1d00000,0x00000000f1d00000,0x00000000f8e80000)
  to   space 116224K, 0% used [0x00000000f8e80000,0x00000000f8e80000,0x0000000100000000)
 ParOldGen       total 334848K, used 152431K [0x00000000c0000000, 0x00000000d4700000, 0x00000000eab00000)
  object space 334848K, 45% used [0x00000000c0000000,0x00000000c94dbf40,0x00000000d4700000)
 Metaspace       used 6518K, capacity 7256K, committed 7424K, reserved 1056768K
  class space    used 619K, capacity 656K, committed 768K, reserved 1048576K
Event: 53.041 GC heap after
Heap after GC invocations=20 (full 4):
 PSYoungGen      total 232960K, used 30398K [0x00000000eab00000, 0x0000000100000000, 0x0000000100000000)
  eden space 116736K, 0% used [0x00000000eab00000,0x00000000eab00000,0x00000000f1d00000)
  from space 116224K, 26% used [0x00000000f8e80000,0x00000000fac2fb40,0x0000000100000000)
  to   space 116224K, 0% used [0x00000000f1d00000,0x00000000f1d00000,0x00000000f8e80000)
 ParOldGen       total 334848K, used 152431K [0x00000000c0000000, 0x00000000d4700000, 0x00000000eab00000)
  object space 334848K, 45% used [0x00000000c0000000,0x00000000c94dbf40,0x00000000d4700000)
 Metaspace       used 6518K, capacity 7256K, committed 7424K, reserved 1056768K
  class space    used 619K, capacity 656K, committed 768K, reserved 1048576K
}
Event: 55.393 GC heap before
{Heap before GC invocations=21 (full 4):
 PSYoungGen      total 232960K, used 147134K [0x00000000eab00000, 0x0000000100000000, 0x0000000100000000)
  eden space 116736K, 100% used [0x00000000eab00000,0x00000000f1d00000,0x00000000f1d00000)
  from space 116224K, 26% used [0x00000000f8e80000,0x00000000fac2fb40,0x0000000100000000)
  to   space 116224K, 0% used [0x00000000f1d00000,0x00000000f1d00000,0x00000000f8e80000)
 ParOldGen       total 334848K, used 152431K [0x00000000c0000000, 0x00000000d4700000, 0x00000000eab00000)
  object space 334848K, 45% used [0x00000000c0000000,0x00000000c94dbf40,0x00000000d4700000)
 Metaspace       used 6521K, capacity 7256K, committed 7424K, reserved 1056768K
  class space    used 619K, capacity 656K, committed 768K, reserved 1048576K
Event: 55.542 GC heap after
Heap after GC invocations=21 (full 4):
 PSYoungGen      total 232960K, used 32631K [0x00000000eab00000, 0x0000000100000000, 0x0000000100000000)
  eden space 116736K, 0% used [0x00000000eab00000,0x00000000eab00000,0x00000000f1d00000)
  from space 116224K, 28% used [0x00000000f1d00000,0x00000000f3cddc50,0x00000000f8e80000)
  to   space 116224K, 0% used [0x00000000f8e80000,0x00000000f8e80000,0x0000000100000000)
 ParOldGen       total 334848K, used 179776K [0x00000000c0000000, 0x00000000d4700000, 0x00000000eab00000)
  object space 334848K, 53% used [0x00000000c0000000,0x00000000caf90220,0x00000000d4700000)
 Metaspace       used 6521K, capacity 7256K, committed 7424K, reserved 1056768K
  class space    used 619K, capacity 656K, committed 768K, reserved 1048576K
}
Event: 55.989 GC heap before
{Heap before GC invocations=22 (full 4):
 PSYoungGen      total 232960K, used 149367K [0x00000000eab00000, 0x0000000100000000, 0x0000000100000000)
  eden space 116736K, 100% used [0x00000000eab00000,0x00000000f1d00000,0x00000000f1d00000)
  from space 116224K, 28% used [0x00000000f1d00000,0x00000000f3cddc50,0x00000000f8e80000)
  to   space 116224K, 0% used [0x00000000f8e80000,0x00000000f8e80000,0x0000000100000000)
 ParOldGen       total 334848K, used 179776K [0x00000000c0000000, 0x00000000d4700000, 0x00000000eab00000)
  object space 334848K, 53% used [0x00000000c0000000,0x00000000caf90220,0x00000000d4700000)
 Metaspace       used 6521K, capacity 7256K, committed 7424K, reserved 1056768K
  class space    used 619K, capacity 656K, committed 768K, reserved 1048576K
Event: 56.137 GC heap after
Heap after GC invocations=22 (full 4):
 PSYoungGen      total 232960K, used 55842K [0x00000000eab00000, 0x0000000100000000, 0x0000000100000000)
  eden space 116736K, 0% used [0x00000000eab00000,0x00000000eab00000,0x00000000f1d00000)
  from space 116224K, 48% used [0x00000000f8e80000,0x00000000fc508b38,0x0000000100000000)
  to   space 116224K, 0% used [0x00000000f1d00000,0x00000000f1d00000,0x00000000f8e80000)
 ParOldGen       total 334848K, used 212368K [0x00000000c0000000, 0x00000000d4700000, 0x00000000eab00000)
  object space 334848K, 63% used [0x00000000c0000000,0x00000000ccf642b0,0x00000000d4700000)
 Metaspace       used 6521K, capacity 7256K, committed 7424K, reserved 1056768K
  class space    used 619K, capacity 656K, committed 768K, reserved 1048576K
}

Deoptimization events (10 events):
Event: 54.024 Thread 0x0000000016c4c000 Uncommon trap: reason=unstable_if action=reinterpret pc=0x000000000288d59c method=com.android.dx.cf.code.RopperMachine.run(Lcom/android/dx/cf/code/Frame;II)V @ 1148
Event: 54.524 Thread 0x00000000024b0800 Uncommon trap: reason=speculate_class_check action=maybe_recompile pc=0x00000000030da7a4 method=com.android.dx.cf.code.Ropper.processBlock(Lcom/android/dx/cf/code/ByteBlock;Lcom/android/dx/cf/code/Frame;[I)V @ 711
Event: 54.530 Thread 0x00000000024b0800 Uncommon trap: reason=speculate_class_check action=maybe_recompile pc=0x00000000030da7a4 method=com.android.dx.cf.code.Ropper.processBlock(Lcom/android/dx/cf/code/ByteBlock;Lcom/android/dx/cf/code/Frame;[I)V @ 711
Event: 54.530 Thread 0x00000000024b0800 Uncommon trap: reason=speculate_class_check action=maybe_recompile pc=0x00000000030da7a4 method=com.android.dx.cf.code.Ropper.processBlock(Lcom/android/dx/cf/code/ByteBlock;Lcom/android/dx/cf/code/Frame;[I)V @ 711
Event: 54.558 Thread 0x00000000024b0800 Uncommon trap: reason=speculate_class_check action=maybe_recompile pc=0x00000000030da7a4 method=com.android.dx.cf.code.Ropper.processBlock(Lcom/android/dx/cf/code/ByteBlock;Lcom/android/dx/cf/code/Frame;[I)V @ 711
Event: 57.374 Thread 0x0000000016ca9800 Uncommon trap: reason=class_check action=maybe_recompile pc=0x0000000002a1cac8 method=java.util.Arrays.hashCode([Ljava/lang/Object;)I @ 43
Event: 57.374 Thread 0x0000000016ca9800 Uncommon trap: reason=class_check action=maybe_recompile pc=0x0000000002a1cac8 method=java.util.Arrays.hashCode([Ljava/lang/Object;)I @ 43
Event: 57.374 Thread 0x0000000016ca9800 Uncommon trap: reason=class_check action=maybe_recompile pc=0x0000000002a1cac8 method=java.util.Arrays.hashCode([Ljava/lang/Object;)I @ 43
Event: 57.374 Thread 0x0000000016ca9800 Uncommon trap: reason=class_check action=maybe_recompile pc=0x0000000002a1cac8 method=java.util.Arrays.hashCode([Ljava/lang/Object;)I @ 43
Event: 57.376 Thread 0x0000000016ca9800 Uncommon trap: reason=class_check action=maybe_recompile pc=0x0000000002a1ed28 method=java.util.Arrays.hashCode([Ljava/lang/Object;)I @ 43

Internal exceptions (6 events):
Event: 3.408 Thread 0x00000000024b0800 Exception <a 'java/lang/NoSuchMethodError': Method sun.misc.Unsafe.defineClass(Ljava/lang/String;[BII)Ljava/lang/Class; name or signature does not match> (0x00000000eab12f20) thrown at [D:\re\workspace\8-2-build-windows-amd64-cygwin\jdk8u40\2855\hotspot\srH¶°‘ßD@
Event: 3.409 Thread 0x00000000024b0800 Exception <a 'java/lang/NoSuchMethodError': Method sun.misc.Unsafe.prefetchRead(Ljava/lang/Object;J)V name or signature does not match> (0x00000000eab131b0) thrown at [D:\re\workspace\8-2-build-windows-amd64-cygwin\jdk8u40\2855\hotspot\src\share\vm\prims\j·ðƒ€¼@
Event: 7.434 Thread 0x00000000024b0800 Implicit null exception at 0x00000000028cf262 to 0x00000000028cf355
Event: 9.505 Thread 0x0000000016ca9800 Exception <a 'java/lang/ArrayIndexOutOfBoundsException': 18> (0x00000000ee706248) thrown at [D:\re\workspace\8-2-build-windows-amd64-cygwin\jdk8u40\2855\hotspot\src\share\vm\interpreter\interpreterRuntime.cpp, line 366]
Event: 9.506 Thread 0x0000000016ca9800 Exception <a 'java/lang/ArrayIndexOutOfBoundsException'> (0x00000000ee707d18) thrown at [D:\re\workspace\8-2-build-windows-amd64-cygwin\jdk8u40\2855\hotspot\src\share\vm\runtime\sharedRuntime.cpp, line 605]
Event: 9.542 Thread 0x0000000016ca9800 Exception <a 'java/lang/ArrayIndexOutOfBoundsException'> (0x00000000ee708f50) thrown at [D:\re\workspace\8-2-build-windows-amd64-cygwin\jdk8u40\2855\hotspot\src\share\vm\runtime\sharedRuntime.cpp, line 605]

Events (10 events):
Event: 57.532 Thread 0x000000001632a800 flushing nmethod 0x0000000002df8b50
Event: 57.532 Thread 0x000000001632a800 flushing nmethod 0x0000000002e84d90
Event: 57.533 loading class com/android/dx/dex/file/CatchStructs
Event: 57.533 loading class com/android/dx/dex/file/CatchStructs done
Event: 57.568 Thread 0x000000001632a800 flushing nmethod 0x0000000002f1d9d0
Event: 57.568 Thread 0x000000001632a800 flushing nmethod 0x0000000002f51990
Event: 57.568 Thread 0x000000001632a800 flushing nmethod 0x0000000002f7a4d0
Event: 59.042 Thread 0x000000001632a800 flushing nmethod 0x00000000027cc050
Event: 59.051 loading class com/android/dx/dex/file/ProtoIdItem
Event: 59.051 loading class com/android/dx/dex/file/ProtoIdItem done


Dynamic libraries:
0x00007ff7c07f0000 - 0x00007ff7c0827000 	C:\Program Files\Java\jdk1.8.0_40\bin\java.exe
0x00007ffc18be0000 - 0x00007ffc18d8c000 	C:\WINDOWS\SYSTEM32\ntdll.dll
0x00007ffc18970000 - 0x00007ffc18aae000 	C:\WINDOWS\system32\KERNEL32.DLL
0x00007ffc15f00000 - 0x00007ffc16015000 	C:\WINDOWS\system32\KERNELBASE.dll
0x00007ffc148f0000 - 0x00007ffc1497e000 	C:\WINDOWS\system32\apphelp.dll
0x00007ffc0d270000 - 0x00007ffc0d2c3000 	C:\WINDOWS\AppPatch\AppPatch64\AcGenral.DLL
0x00007ffc163a0000 - 0x00007ffc1644a000 	C:\WINDOWS\system32\msvcrt.dll
0x00007ffc16020000 - 0x00007ffc1604e000 	C:\WINDOWS\system32\SspiCli.dll
0x00007ffc16340000 - 0x00007ffc16394000 	C:\WINDOWS\system32\SHLWAPI.dll
0x00007ffc16df0000 - 0x00007ffc16f67000 	C:\WINDOWS\system32\USER32.dll
0x00007ffc16450000 - 0x00007ffc165e4000 	C:\WINDOWS\system32\ole32.dll
0x00007ffc17410000 - 0x00007ffc18928000 	C:\WINDOWS\system32\SHELL32.dll
0x00007ffc152f0000 - 0x00007ffc15311000 	C:\WINDOWS\SYSTEM32\USERENV.dll
0x00007ffc16ce0000 - 0x00007ffc16d8a000 	C:\WINDOWS\system32\ADVAPI32.dll
0x00007ffc084b0000 - 0x00007ffc084ce000 	C:\WINDOWS\SYSTEM32\MPR.dll
0x00007ffc17040000 - 0x00007ffc17180000 	C:\WINDOWS\system32\RPCRT4.dll
0x00007ffc16c70000 - 0x00007ffc16cc9000 	C:\WINDOWS\SYSTEM32\sechost.dll
0x00007ffc165f0000 - 0x00007ffc16801000 	C:\WINDOWS\SYSTEM32\combase.dll
0x00007ffc16970000 - 0x00007ffc16abf000 	C:\WINDOWS\system32\GDI32.dll
0x00007ffc15d20000 - 0x00007ffc15d35000 	C:\WINDOWS\SYSTEM32\profapi.dll
0x00007ffc14530000 - 0x00007ffc145e2000 	C:\WINDOWS\SYSTEM32\SHCORE.dll
0x00007ffc18930000 - 0x00007ffc18966000 	C:\WINDOWS\system32\IMM32.DLL
0x00007ffc16810000 - 0x00007ffc16962000 	C:\WINDOWS\system32\MSCTF.dll
0x00007ffc13c50000 - 0x00007ffc13eca000 	C:\WINDOWS\WinSxS\amd64_microsoft.windows.common-controls_6595b64144ccf1df_6.0.9600.17810_none_6240b9c7ecbd0bda\COMCTL32.dll
0x0000000066fd0000 - 0x00000000670a2000 	C:\Program Files\Java\jdk1.8.0_40\jre\bin\msvcr100.dll
0x0000000064d30000 - 0x00000000655b3000 	C:\Program Files\Java\jdk1.8.0_40\jre\bin\server\jvm.dll
0x00007ffc0bbf0000 - 0x00007ffc0bbf9000 	C:\WINDOWS\SYSTEM32\WSOCK32.dll
0x00007ffc11420000 - 0x00007ffc11442000 	C:\WINDOWS\SYSTEM32\WINMM.dll
0x00007ffc120e0000 - 0x00007ffc120ea000 	C:\WINDOWS\SYSTEM32\VERSION.dll
0x00007ffc16cd0000 - 0x00007ffc16cd7000 	C:\WINDOWS\system32\PSAPI.DLL
0x00007ffc16d90000 - 0x00007ffc16dea000 	C:\WINDOWS\system32\WS2_32.dll
0x00007ffc10fb0000 - 0x00007ffc10fda000 	C:\WINDOWS\SYSTEM32\WINMMBASE.dll
0x00007ffc17190000 - 0x00007ffc17199000 	C:\WINDOWS\system32\NSI.dll
0x00007ffc16230000 - 0x00007ffc1627f000 	C:\WINDOWS\SYSTEM32\cfgmgr32.dll
0x00007ffc14b70000 - 0x00007ffc14b98000 	C:\WINDOWS\SYSTEM32\DEVOBJ.dll
0x00000000671b0000 - 0x00000000671bf000 	C:\Program Files\Java\jdk1.8.0_40\jre\bin\verify.dll
0x0000000067180000 - 0x00000000671a9000 	C:\Program Files\Java\jdk1.8.0_40\jre\bin\java.dll
0x0000000067160000 - 0x0000000067176000 	C:\Program Files\Java\jdk1.8.0_40\jre\bin\zip.dll
0x00007ffc09b00000 - 0x00007ffc09c89000 	C:\WINDOWS\SYSTEM32\dbghelp.dll

VM Arguments:
jvm_args: -Djava.awt.headless=true -Xmx1024M -Dfile.encoding=x-windows-949 -Duser.country=KR -Duser.language=ko -Duser.variant 
java_command: com.android.dx.command.Main --dex --force-jumbo --num-threads=4 --multi-dex --output C:\android\donghyun\AndroidStudioProjects\GoogleMapTest\app\build\intermediates\transforms\dex\debug\folders\1000\10\com.google.android.gms-play-services-ads-8.4.0_92c495894d15bc829f7e257d3ed4b0460fd6d61a C:\android\donghyun\AndroidStudioProjects\GoogleMapTest\app\build\intermediates\exploded-aar\com.google.android.gms\play-services-ads\8.4.0\jars\classes.jar
java_class_path (initial): C:\android\SDK\build-tools\23.0.3\lib\dx.jar
Launcher Type: SUN_STANDARD

Environment Variables:
JAVA_HOME=C:\Program Files (x86)\Java\jre7
PATH=C:\ProgramData\Oracle\Java\javapath;C:\SonarQube\sonar-runner\bin;C:\Program Files (x86)\Java\jre7\bin;C:\opencv\build\x86\vc12\bin;
USERNAME=ÀÌµ¿Çö
OS=Windows_NT
PROCESSOR_IDENTIFIER=Intel64 Family 6 Model 69 Stepping 1, GenuineIntel



---------------  S Y S T E M  ---------------

OS: Windows 8.1 , 64 bit Build 9600 (6.3.9600.17415)

CPU:total 4 (2 cores per cpu, 2 threads per core) family 6 model 69 stepping 1, cmov, cx8, fxsr, mmx, sse, sse2, sse3, ssse3, sse4.1, sse4.2, popcnt, avx, avx2, aes, clmul, erms, lzcnt, ht, tsc, tscinvbit, bmi1, bmi2

Memory: 4k page, physical 4100120k(204564k free), swap 9755872k(64k free)

vm_info: Java HotSpot(TM) 64-Bit Server VM (25.40-b25) for windows-amd64 JRE (1.8.0_40-b25), built on Feb 10 2015 21:53:57 by "java_re" with MS VC++ 10.0 (VS2010)

time: Tue Nov 22 09:30:29 2016
elapsed time: 62 seconds (0d 0h 1m 2s)

