#
# There is insufficient memory for the Java Runtime Environment to continue.
# Native memory allocation (malloc) failed to allocate 1061776 bytes for Chunk::new
# Possible reasons:
#   The system is out of physical RAM or swap space
#   In 32 bit mode, the process size limit was hit
# Possible solutions:
#   Reduce memory load on the system
#   Increase physical memory or swap space
#   Check if swap backing store is full
#   Use 64 bit Java on a 64 bit OS
#   Decrease Java heap size (-Xmx/-Xms)
#   Decrease number of Java threads
#   Decrease Java thread stack sizes (-Xss)
#   Set larger code cache with -XX:ReservedCodeCacheSize=
# This output file may be truncated or incomplete.
#
#  Out of Memory Error (allocation.cpp:390), pid=17324, tid=20284
#
# JRE version: Java(TM) SE Runtime Environment (8.0_40-b25) (build 1.8.0_40-b25)
# Java VM: Java HotSpot(TM) 64-Bit Server VM (25.40-b25 mixed mode windows-amd64 compressed oops)
# Failed to write core dump. Minidumps are not enabled by default on client versions of Windows
#

---------------  T H R E A D  ---------------

Current thread (0x00000000157fa000):  JavaThread "C2 CompilerThread0" daemon [_thread_in_native, id=20284, stack(0x0000000016d00000,0x0000000016e00000)]

Stack: [0x0000000016d00000,0x0000000016e00000]
Native frames: (J=compiled Java code, j=interpreted, Vv=VM code, C=native code)
V  [jvm.dll+0x32b47a]
V  [jvm.dll+0x2797f3]
V  [jvm.dll+0x27a489]
V  [jvm.dll+0x2717a5]
V  [jvm.dll+0xcb9a2]
V  [jvm.dll+0xcbe6c]
V  [jvm.dll+0x476ea2]
V  [jvm.dll+0x4b950f]
V  [jvm.dll+0x46b92f]
V  [jvm.dll+0x46ccbe]
V  [jvm.dll+0x4500d2]
V  [jvm.dll+0xa4312]
V  [jvm.dll+0xa4c4f]
V  [jvm.dll+0x241914]
V  [jvm.dll+0x29848a]
C  [msvcr100.dll+0x21d9f]
C  [msvcr100.dll+0x21e3b]
C  [KERNEL32.DLL+0x13d2]
C  [ntdll.dll+0x15464]


Current CompileTask:
C2:  15141 1491       4       com.android.dx.rop.code.Rops::ropFor (771 bytes)


---------------  P R O C E S S  ---------------

Java Threads: ( => current thread )
  0x00000000170a8000 JavaThread "pool-2-thread-4" [_thread_blocked, id=16872, stack(0x0000000017a00000,0x0000000017b00000)]
  0x00000000170a5000 JavaThread "pool-2-thread-3" [_thread_blocked, id=19940, stack(0x0000000017900000,0x0000000017a00000)]
  0x0000000017064800 JavaThread "pool-2-thread-2" [_thread_in_native, id=19188, stack(0x0000000017800000,0x0000000017900000)]
  0x0000000017063800 JavaThread "pool-3-thread-1" [_thread_blocked, id=15272, stack(0x0000000017700000,0x0000000017800000)]
  0x00000000170c3800 JavaThread "pool-2-thread-1" [_thread_blocked, id=17852, stack(0x0000000017600000,0x0000000017700000)]
  0x0000000016e61800 JavaThread "Service Thread" daemon [_thread_blocked, id=14500, stack(0x0000000017400000,0x0000000017500000)]
  0x0000000016e57800 JavaThread "C1 CompilerThread2" daemon [_thread_in_vm, id=16176, stack(0x0000000017300000,0x0000000017400000)]
  0x0000000016e54800 JavaThread "C2 CompilerThread1" daemon [_thread_in_native, id=19424, stack(0x0000000017200000,0x0000000017300000)]
=>0x00000000157fa000 JavaThread "C2 CompilerThread0" daemon [_thread_in_native, id=20284, stack(0x0000000016d00000,0x0000000016e00000)]
  0x00000000157f8000 JavaThread "Attach Listener" daemon [_thread_blocked, id=17476, stack(0x0000000016c00000,0x0000000016d00000)]
  0x00000000157ad800 JavaThread "Signal Dispatcher" daemon [_thread_blocked, id=15916, stack(0x0000000016b00000,0x0000000016c00000)]
  0x00000000030c6000 JavaThread "Finalizer" daemon [_thread_blocked, id=17464, stack(0x0000000016a00000,0x0000000016b00000)]
  0x00000000030bd000 JavaThread "Reference Handler" daemon [_thread_blocked, id=17600, stack(0x0000000016900000,0x0000000016a00000)]
  0x0000000002fd0800 JavaThread "main" [_thread_blocked, id=16312, stack(0x0000000002ed0000,0x0000000002fd0000)]

Other Threads:
  0x0000000015768000 VMThread [stack: 0x0000000016800000,0x0000000016900000] [id=14800]
  0x0000000016e72800 WatcherThread [stack: 0x0000000017500000,0x0000000017600000] [id=15844]

VM state:synchronizing (normal execution)

VM Mutex/Monitor currently owned by a thread:  ([mutex/lock_event])
[0x0000000002b1b790] CodeCache_lock - owner thread: 0x0000000016e57800
[0x0000000002b1c2e0] Threads_lock - owner thread: 0x0000000015768000
[0x0000000002b1cc70] Compile_lock - owner thread: 0x0000000016e57800
[0x0000000002b1e670] MethodCompileQueue_lock - owner thread: 0x0000000016e57800

Heap:
 PSYoungGen      total 18944K, used 8333K [0x00000000eab00000, 0x00000000ed000000, 0x0000000100000000)
  eden space 16384K, 35% used [0x00000000eab00000,0x00000000eb0a9158,0x00000000ebb00000)
  from space 2560K, 99% used [0x00000000ebb00000,0x00000000ebd7a628,0x00000000ebd80000)
  to   space 2560K, 0% used [0x00000000ecd80000,0x00000000ecd80000,0x00000000ed000000)
 ParOldGen       total 44032K, used 4926K [0x00000000c0000000, 0x00000000c2b00000, 0x00000000eab00000)
  object space 44032K, 11% used [0x00000000c0000000,0x00000000c04cfb40,0x00000000c2b00000)
 Metaspace       used 6189K, capacity 7024K, committed 7296K, reserved 1056768K
  class space    used 594K, capacity 616K, committed 640K, reserved 1048576K

Card table byte_map: [0x0000000012490000,0x00000000126a0000] byte_map_base: 0x0000000011e90000

Marking Bits: (ParMarkBitMap*) 0x0000000065534040
 Begin Bits: [0x0000000012c00000, 0x0000000013c00000)
 End Bits:   [0x0000000013c00000, 0x0000000014c00000)

Polling page: 0x0000000001200000

CodeCache: size=245760Kb used=6102Kb max_used=6102Kb free=239657Kb
 bounds [0x00000000030d0000, 0x00000000036d0000, 0x00000000120d0000]
 total_blobs=1780 nmethods=1508 adapters=184
 compilation: enabled

Compilation events (10 events):
Event: 10.339 Thread 0x0000000016e57800 nmethod 1513 0x00000000036c1590 code [0x00000000036c17a0, 0x00000000036c2448]
Event: 10.339 Thread 0x0000000016e57800 1514       3       java.util.Collections::unmodifiableCollection (9 bytes)
Event: 10.340 Thread 0x0000000016e57800 nmethod 1514 0x0000000003692c10 code [0x0000000003692da0, 0x00000000036930e8]
Event: 11.086 Thread 0x0000000016e57800 1515       3       java.util.concurrent.ThreadPoolExecutor::workerCountOf (5 bytes)
Event: 11.086 Thread 0x0000000016e57800 nmethod 1515 0x0000000003666b90 code [0x0000000003666ce0, 0x0000000003666e10]
Event: 11.087 Thread 0x0000000016e57800 1516       1       com.android.dx.util.ByteArray::getByte0 (12 bytes)
Event: 11.087 Thread 0x0000000016e57800 nmethod 1516 0x000000000369aa90 code [0x000000000369abe0, 0x000000000369ad10]
Event: 11.087 Thread 0x0000000016e57800 1517       3       com.android.dx.rop.cst.StdConstantPool::get0Ok (12 bytes)
Event: 11.089 Thread 0x0000000016e57800 nmethod 1517 0x00000000036c2ad0 code [0x00000000036c2d80, 0x00000000036c3f18]
Event: 11.089 Thread 0x0000000016e57800 1518       3       com.android.dx.cf.code.OneLocalsArray::makeInitialized (55 bytes)

GC Heap History (6 events):
Event: 7.368 GC heap before
{Heap before GC invocations=1 (full 0):
 PSYoungGen      total 18944K, used 16384K [0x00000000eab00000, 0x00000000ec000000, 0x0000000100000000)
  eden space 16384K, 100% used [0x00000000eab00000,0x00000000ebb00000,0x00000000ebb00000)
  from space 2560K, 0% used [0x00000000ebd80000,0x00000000ebd80000,0x00000000ec000000)
  to   space 2560K, 0% used [0x00000000ebb00000,0x00000000ebb00000,0x00000000ebd80000)
 ParOldGen       total 44032K, used 0K [0x00000000c0000000, 0x00000000c2b00000, 0x00000000eab00000)
  object space 44032K, 0% used [0x00000000c0000000,0x00000000c0000000,0x00000000c2b00000)
 Metaspace       used 5292K, capacity 6224K, committed 6528K, reserved 1056768K
  class space    used 571K, capacity 584K, committed 640K, reserved 1048576K
Event: 7.437 GC heap after
Heap after GC invocations=1 (full 0):
 PSYoungGen      total 18944K, used 2540K [0x00000000eab00000, 0x00000000ec000000, 0x0000000100000000)
  eden space 16384K, 0% used [0x00000000eab00000,0x00000000eab00000,0x00000000ebb00000)
  from space 2560K, 99% used [0x00000000ebb00000,0x00000000ebd7b2e0,0x00000000ebd80000)
  to   space 2560K, 0% used [0x00000000ebd80000,0x00000000ebd80000,0x00000000ec000000)
 ParOldGen       total 44032K, used 552K [0x00000000c0000000, 0x00000000c2b00000, 0x00000000eab00000)
  object space 44032K, 1% used [0x00000000c0000000,0x00000000c008a3c8,0x00000000c2b00000)
 Metaspace       used 5292K, capacity 6224K, committed 6528K, reserved 1056768K
  class space    used 571K, capacity 584K, committed 640K, reserved 1048576K
}
Event: 9.267 GC heap before
{Heap before GC invocations=2 (full 0):
 PSYoungGen      total 18944K, used 18924K [0x00000000eab00000, 0x00000000ec000000, 0x0000000100000000)
  eden space 16384K, 100% used [0x00000000eab00000,0x00000000ebb00000,0x00000000ebb00000)
  from space 2560K, 99% used [0x00000000ebb00000,0x00000000ebd7b2e0,0x00000000ebd80000)
  to   space 2560K, 0% used [0x00000000ebd80000,0x00000000ebd80000,0x00000000ec000000)
 ParOldGen       total 44032K, used 552K [0x00000000c0000000, 0x00000000c2b00000, 0x00000000eab00000)
  object space 44032K, 1% used [0x00000000c0000000,0x00000000c008a3c8,0x00000000c2b00000)
 Metaspace       used 6020K, capacity 6896K, committed 7040K, reserved 1056768K
  class space    used 594K, capacity 616K, committed 640K, reserved 1048576K
Event: 9.315 GC heap after
Heap after GC invocations=2 (full 0):
 PSYoungGen      total 18944K, used 2532K [0x00000000eab00000, 0x00000000ed000000, 0x0000000100000000)
  eden space 16384K, 0% used [0x00000000eab00000,0x00000000eab00000,0x00000000ebb00000)
  from space 2560K, 98% used [0x00000000ebd80000,0x00000000ebff90a8,0x00000000ec000000)
  to   space 2560K, 0% used [0x00000000ebb00000,0x00000000ebb00000,0x00000000ebd80000)
 ParOldGen       total 44032K, used 2440K [0x00000000c0000000, 0x00000000c2b00000, 0x00000000eab00000)
  object space 44032K, 5% used [0x00000000c0000000,0x00000000c02623a8,0x00000000c2b00000)
 Metaspace       used 6020K, capacity 6896K, committed 7040K, reserved 1056768K
  class space    used 594K, capacity 616K, committed 640K, reserved 1048576K
}
Event: 10.343 GC heap before
{Heap before GC invocations=3 (full 0):
 PSYoungGen      total 18944K, used 18916K [0x00000000eab00000, 0x00000000ed000000, 0x0000000100000000)
  eden space 16384K, 100% used [0x00000000eab00000,0x00000000ebb00000,0x00000000ebb00000)
  from space 2560K, 98% used [0x00000000ebd80000,0x00000000ebff90a8,0x00000000ec000000)
  to   space 2560K, 0% used [0x00000000ebb00000,0x00000000ebb00000,0x00000000ebd80000)
 ParOldGen       total 44032K, used 2440K [0x00000000c0000000, 0x00000000c2b00000, 0x00000000eab00000)
  object space 44032K, 5% used [0x00000000c0000000,0x00000000c02623a8,0x00000000c2b00000)
 Metaspace       used 6187K, capacity 7024K, committed 7296K, reserved 1056768K
  class space    used 594K, capacity 616K, committed 640K, reserved 1048576K
Event: 11.080 GC heap after
Heap after GC invocations=3 (full 0):
 PSYoungGen      total 18944K, used 2537K [0x00000000eab00000, 0x00000000ed000000, 0x0000000100000000)
  eden space 16384K, 0% used [0x00000000eab00000,0x00000000eab00000,0x00000000ebb00000)
  from space 2560K, 99% used [0x00000000ebb00000,0x00000000ebd7a628,0x00000000ebd80000)
  to   space 2560K, 0% used [0x00000000ecd80000,0x00000000ecd80000,0x00000000ed000000)
 ParOldGen       total 44032K, used 4926K [0x00000000c0000000, 0x00000000c2b00000, 0x00000000eab00000)
  object space 44032K, 11% used [0x00000000c0000000,0x00000000c04cfb40,0x00000000c2b00000)
 Metaspace       used 6187K, capacity 7024K, committed 7296K, reserved 1056768K
  class space    used 594K, capacity 616K, committed 640K, reserved 1048576K
}

Deoptimization events (10 events):
Event: 7.557 Thread 0x0000000002fd0800 Uncommon trap: reason=unstable_if action=reinterpret pc=0x000000000333a1d0 method=java.util.HashMap.getNode(ILjava/lang/Object;)Ljava/util/HashMap$Node; @ 62
Event: 7.557 Thread 0x0000000002fd0800 Uncommon trap: reason=unstable_if action=reinterpret pc=0x000000000333bef4 method=java.util.BitSet.ensureCapacity(I)V @ 6
Event: 7.557 Thread 0x0000000002fd0800 Uncommon trap: reason=unstable_if action=reinterpret pc=0x0000000003339770 method=java.util.BitSet.nextSetBit(I)I @ 87
Event: 8.421 Thread 0x00000000170a5000 Uncommon trap: reason=class_check action=maybe_recompile pc=0x0000000003448d84 method=com.android.dx.ssa.NormalSsaInsn.accept(Lcom/android/dx/ssa/SsaInsn$Visitor;)V @ 9
Event: 8.421 Thread 0x00000000170a5000 Uncommon trap: reason=class_check action=maybe_recompile pc=0x000000000333bab0 method=com.android.dx.ssa.NormalSsaInsn.accept(Lcom/android/dx/ssa/SsaInsn$Visitor;)V @ 9
Event: 8.422 Thread 0x00000000170a5000 Uncommon trap: reason=class_check action=maybe_recompile pc=0x000000000333bab0 method=com.android.dx.ssa.NormalSsaInsn.accept(Lcom/android/dx/ssa/SsaInsn$Visitor;)V @ 9
Event: 8.422 Thread 0x00000000170a5000 Uncommon trap: reason=class_check action=maybe_recompile pc=0x000000000333bab0 method=com.android.dx.ssa.NormalSsaInsn.accept(Lcom/android/dx/ssa/SsaInsn$Visitor;)V @ 9
Event: 8.428 Thread 0x00000000170a5000 Uncommon trap: reason=class_check action=maybe_recompile pc=0x0000000003448d84 method=com.android.dx.ssa.NormalSsaInsn.accept(Lcom/android/dx/ssa/SsaInsn$Visitor;)V @ 9
Event: 9.628 Thread 0x00000000170a5000 Uncommon trap: reason=unstable_if action=reinterpret pc=0x00000000034c515c method=com.android.dx.rop.cst.Constant.compareTo(Lcom/android/dx/rop/cst/Constant;)I @ 12
Event: 11.085 Thread 0x00000000170a5000 Uncommon trap: reason=unstable_if action=reinterpret pc=0x00000000036b0824 method=com.android.dx.ssa.SCCP.simulateBranch(Lcom/android/dx/ssa/SsaInsn;)V @ 118

Internal exceptions (2 events):
Event: 2.216 Thread 0x0000000002fd0800 Exception <a 'java/lang/NoSuchMethodError': Method sun.misc.Unsafe.defineClass(Ljava/lang/String;[BII)Ljava/lang/Class; name or signature does not match> (0x00000000eab12d18) thrown at [D:\re\workspace\8-2-build-windows-amd64-cygwin\jdk8u40\2855\hotspot\sru¡øº@
Event: 2.216 Thread 0x0000000002fd0800 Exception <a 'java/lang/NoSuchMethodError': Method sun.misc.Unsafe.prefetchRead(Ljava/lang/Object;J)V name or signature does not match> (0x00000000eab12fa8) thrown at [D:\re\workspace\8-2-build-windows-amd64-cygwin\jdk8u40\2855\hotspot\src\share\vm\prims\j

Events (10 events):
Event: 9.315 Executing VM operation: ParallelGCFailedAllocation done
Event: 9.628 Thread 0x00000000170a5000 Uncommon trap: trap_request=0xffffff65 fr.pc=0x00000000034c515c
Event: 9.628 Thread 0x00000000170a5000 DEOPT PACKING pc=0x00000000034c515c sp=0x00000000179fe300
Event: 9.628 Thread 0x00000000170a5000 DEOPT UNPACKING pc=0x000000000311582a sp=0x00000000179fe2a0 mode 2
Event: 9.683 Thread 0x00000000170c3800 DEOPT PACKING pc=0x00000000033ec0bc sp=0x00000000176fed90
Event: 9.683 Thread 0x00000000170c3800 DEOPT UNPACKING pc=0x000000000311787f sp=0x00000000176feb58 mode 0
Event: 10.343 Executing VM operation: ParallelGCFailedAllocation
Event: 11.080 Executing VM operation: ParallelGCFailedAllocation done
Event: 11.085 Thread 0x00000000170a5000 Uncommon trap: trap_request=0xffffff65 fr.pc=0x00000000036b0824
Event: 11.085 Thread 0x00000000170a5000 DEOPT PACKING pc=0x00000000036b0824 sp=0x00000000179fe460


Dynamic libraries:
0x00007ff7c07f0000 - 0x00007ff7c0827000 	C:\Program Files\Java\jdk1.8.0_40\bin\java.exe
0x00007ffc18be0000 - 0x00007ffc18d8c000 	C:\WINDOWS\SYSTEM32\ntdll.dll
0x00007ffc18970000 - 0x00007ffc18aae000 	C:\WINDOWS\system32\KERNEL32.DLL
0x00007ffc15f00000 - 0x00007ffc16015000 	C:\WINDOWS\system32\KERNELBASE.dll
0x00007ffc148f0000 - 0x00007ffc1497e000 	C:\WINDOWS\system32\apphelp.dll
0x00007ffc0d270000 - 0x00007ffc0d2c3000 	C:\WINDOWS\AppPatch\AppPatch64\AcGenral.DLL
0x00007ffc163a0000 - 0x00007ffc1644a000 	C:\WINDOWS\system32\msvcrt.dll
0x00007ffc16020000 - 0x00007ffc1604e000 	C:\WINDOWS\system32\SspiCli.dll
0x00007ffc16340000 - 0x00007ffc16394000 	C:\WINDOWS\system32\SHLWAPI.dll
0x00007ffc16df0000 - 0x00007ffc16f67000 	C:\WINDOWS\system32\USER32.dll
0x00007ffc16450000 - 0x00007ffc165e4000 	C:\WINDOWS\system32\ole32.dll
0x00007ffc17410000 - 0x00007ffc18928000 	C:\WINDOWS\system32\SHELL32.dll
0x00007ffc152f0000 - 0x00007ffc15311000 	C:\WINDOWS\SYSTEM32\USERENV.dll
0x00007ffc16ce0000 - 0x00007ffc16d8a000 	C:\WINDOWS\system32\ADVAPI32.dll
0x00007ffc084b0000 - 0x00007ffc084ce000 	C:\WINDOWS\SYSTEM32\MPR.dll
0x00007ffc17040000 - 0x00007ffc17180000 	C:\WINDOWS\system32\RPCRT4.dll
0x00007ffc16c70000 - 0x00007ffc16cc9000 	C:\WINDOWS\SYSTEM32\sechost.dll
0x00007ffc165f0000 - 0x00007ffc16801000 	C:\WINDOWS\SYSTEM32\combase.dll
0x00007ffc16970000 - 0x00007ffc16abf000 	C:\WINDOWS\system32\GDI32.dll
0x00007ffc15d20000 - 0x00007ffc15d35000 	C:\WINDOWS\SYSTEM32\profapi.dll
0x00007ffc14530000 - 0x00007ffc145e2000 	C:\WINDOWS\SYSTEM32\SHCORE.dll
0x00007ffc18930000 - 0x00007ffc18966000 	C:\WINDOWS\system32\IMM32.DLL
0x00007ffc16810000 - 0x00007ffc16962000 	C:\WINDOWS\system32\MSCTF.dll
0x00007ffc13c50000 - 0x00007ffc13eca000 	C:\WINDOWS\WinSxS\amd64_microsoft.windows.common-controls_6595b64144ccf1df_6.0.9600.17810_none_6240b9c7ecbd0bda\COMCTL32.dll
0x0000000066fd0000 - 0x00000000670a2000 	C:\Program Files\Java\jdk1.8.0_40\jre\bin\msvcr100.dll
0x0000000064d30000 - 0x00000000655b3000 	C:\Program Files\Java\jdk1.8.0_40\jre\bin\server\jvm.dll
0x00007ffc0bbf0000 - 0x00007ffc0bbf9000 	C:\WINDOWS\SYSTEM32\WSOCK32.dll
0x00007ffc11420000 - 0x00007ffc11442000 	C:\WINDOWS\SYSTEM32\WINMM.dll
0x00007ffc120e0000 - 0x00007ffc120ea000 	C:\WINDOWS\SYSTEM32\VERSION.dll
0x00007ffc16cd0000 - 0x00007ffc16cd7000 	C:\WINDOWS\system32\PSAPI.DLL
0x00007ffc16d90000 - 0x00007ffc16dea000 	C:\WINDOWS\system32\WS2_32.dll
0x00007ffc10fb0000 - 0x00007ffc10fda000 	C:\WINDOWS\SYSTEM32\WINMMBASE.dll
0x00007ffc17190000 - 0x00007ffc17199000 	C:\WINDOWS\system32\NSI.dll
0x00007ffc16230000 - 0x00007ffc1627f000 	C:\WINDOWS\SYSTEM32\cfgmgr32.dll
0x00007ffc14b70000 - 0x00007ffc14b98000 	C:\WINDOWS\SYSTEM32\DEVOBJ.dll
0x00000000671b0000 - 0x00000000671bf000 	C:\Program Files\Java\jdk1.8.0_40\jre\bin\verify.dll
0x0000000067180000 - 0x00000000671a9000 	C:\Program Files\Java\jdk1.8.0_40\jre\bin\java.dll
0x0000000067160000 - 0x0000000067176000 	C:\Program Files\Java\jdk1.8.0_40\jre\bin\zip.dll
0x00007ffc09b00000 - 0x00007ffc09c89000 	C:\WINDOWS\SYSTEM32\dbghelp.dll

VM Arguments:
jvm_args: -Djava.awt.headless=true -Xmx1024M -Dfile.encoding=x-windows-949 -Duser.country=KR -Duser.language=ko -Duser.variant 
java_command: com.android.dx.command.Main --dex --force-jumbo --num-threads=4 --multi-dex --output C:\android\donghyun\AndroidStudioProjects\GoogleMapTest\app\build\intermediates\transforms\dex\debug\folders\1000\10\com.google.android.gms-play-services-basement-8.4.0_eaeb3952602a0988c3d021d88e1b206783792543 C:\android\donghyun\AndroidStudioProjects\GoogleMapTest\app\build\intermediates\exploded-aar\com.google.android.gms\play-services-basement\8.4.0\jars\classes.jar
java_class_path (initial): C:\android\SDK\build-tools\23.0.3\lib\dx.jar
Launcher Type: SUN_STANDARD

Environment Variables:
JAVA_HOME=C:\Program Files (x86)\Java\jre7
PATH=C:\ProgramData\Oracle\Java\javapath;C:\SonarQube\sonar-runner\bin;C:\Program Files (x86)\Java\jre7\bin;C:\opencv\build\x86\vc12\bin;
USERNAME=ÀÌµ¿Çö
OS=Windows_NT
PROCESSOR_IDENTIFIER=Intel64 Family 6 Model 69 Stepping 1, GenuineIntel



---------------  S Y S T E M  ---------------

OS: Windows 8.1 , 64 bit Build 9600 (6.3.9600.17415)

CPU:total 4 (2 cores per cpu, 2 threads per core) family 6 model 69 stepping 1, cmov, cx8, fxsr, mmx, sse, sse2, sse3, ssse3, sse4.1, sse4.2, popcnt, avx, avx2, aes, clmul, erms, lzcnt, ht, tsc, tscinvbit, bmi1, bmi2

Memory: 4k page, physical 4100120k(198540k free), swap 9755872k(26292k free)

vm_info: Java HotSpot(TM) 64-Bit Server VM (25.40-b25) for windows-amd64 JRE (1.8.0_40-b25), built on Feb 10 2015 21:53:57 by "java_re" with MS VC++ 10.0 (VS2010)

time: Tue Nov 22 09:30:07 2016
elapsed time: 15 seconds (0d 0h 0m 15s)

