#
# There is insufficient memory for the Java Runtime Environment to continue.
# Native memory allocation (malloc) failed to allocate 32784 bytes for Chunk::new
# Possible reasons:
#   The system is out of physical RAM or swap space
#   In 32 bit mode, the process size limit was hit
# Possible solutions:
#   Reduce memory load on the system
#   Increase physical memory or swap space
#   Check if swap backing store is full
#   Use 64 bit Java on a 64 bit OS
#   Decrease Java heap size (-Xmx/-Xms)
#   Decrease number of Java threads
#   Decrease Java thread stack sizes (-Xss)
#   Set larger code cache with -XX:ReservedCodeCacheSize=
# This output file may be truncated or incomplete.
#
#  Out of Memory Error (allocation.cpp:390), pid=19260, tid=19388
#
# JRE version: Java(TM) SE Runtime Environment (8.0_40-b25) (build 1.8.0_40-b25)
# Java VM: Java HotSpot(TM) 64-Bit Server VM (25.40-b25 mixed mode windows-amd64 compressed oops)
# Failed to write core dump. Minidumps are not enabled by default on client versions of Windows
#

---------------  T H R E A D  ---------------

Current thread (0x000000001565b000):  JavaThread "C2 CompilerThread0" daemon [_thread_in_native, id=19388, stack(0x0000000016b60000,0x0000000016c60000)]

Stack: [0x0000000016b60000,0x0000000016c60000]
Native frames: (J=compiled Java code, j=interpreted, Vv=VM code, C=native code)
V  [jvm.dll+0x32b47a]
V  [jvm.dll+0x2797f3]
V  [jvm.dll+0x27a489]
V  [jvm.dll+0x2717a5]
V  [jvm.dll+0xcb9a2]
V  [jvm.dll+0xcbe6c]
V  [jvm.dll+0xcc1c4]
V  [jvm.dll+0x4ea1f0]
V  [jvm.dll+0x464b25]
V  [jvm.dll+0x50137b]
V  [jvm.dll+0x46cc0d]
V  [jvm.dll+0x4500d2]
V  [jvm.dll+0xa4312]
V  [jvm.dll+0xa4c4f]
V  [jvm.dll+0x241914]
V  [jvm.dll+0x29848a]
C  [msvcr100.dll+0x21d9f]
C  [msvcr100.dll+0x21e3b]
C  [KERNEL32.DLL+0x13d2]
C  [ntdll.dll+0x15464]


Current CompileTask:
C2:  15880 1833       4       com.android.dx.dex.code.OutputFinisher::addConstants (93 bytes)


---------------  P R O C E S S  ---------------

Java Threads: ( => current thread )
  0x0000000016f3a800 JavaThread "pool-1-thread-1" [_thread_in_Java, id=18048, stack(0x0000000017d60000,0x0000000017e60000)]
  0x0000000016cc2000 JavaThread "Service Thread" daemon [_thread_blocked, id=17764, stack(0x0000000017260000,0x0000000017360000)]
  0x000000001565e000 JavaThread "C1 CompilerThread2" daemon [_thread_blocked, id=8432, stack(0x0000000017160000,0x0000000017260000)]
  0x0000000016cb6800 JavaThread "C2 CompilerThread1" daemon [_thread_in_native, id=12496, stack(0x0000000017060000,0x0000000017160000)]
=>0x000000001565b000 JavaThread "C2 CompilerThread0" daemon [_thread_in_native, id=19388, stack(0x0000000016b60000,0x0000000016c60000)]
  0x0000000015659000 JavaThread "Attach Listener" daemon [_thread_blocked, id=12584, stack(0x0000000016a60000,0x0000000016b60000)]
  0x000000001560e800 JavaThread "Signal Dispatcher" daemon [_thread_blocked, id=12320, stack(0x0000000016960000,0x0000000016a60000)]
  0x0000000002f27000 JavaThread "Finalizer" daemon [_thread_blocked, id=13940, stack(0x0000000016860000,0x0000000016960000)]
  0x0000000002f1d000 JavaThread "Reference Handler" daemon [_thread_blocked, id=19384, stack(0x0000000016760000,0x0000000016860000)]
  0x0000000002e30800 JavaThread "main" [_thread_blocked, id=17956, stack(0x00000000029d0000,0x0000000002ad0000)]

Other Threads:
  0x00000000155c8000 VMThread [stack: 0x0000000016660000,0x0000000016760000] [id=19556]
  0x0000000016ce3800 WatcherThread [stack: 0x0000000017360000,0x0000000017460000] [id=19108]

VM state:not at safepoint (normal execution)

VM Mutex/Monitor currently owned by a thread: None

Heap:
 PSYoungGen      total 35328K, used 27938K [0x00000000eab00000, 0x00000000ed000000, 0x0000000100000000)
  eden space 32768K, 77% used [0x00000000eab00000,0x00000000ec3ce2b0,0x00000000ecb00000)
  from space 2560K, 99% used [0x00000000ecb00000,0x00000000ecd7a628,0x00000000ecd80000)
  to   space 2560K, 0% used [0x00000000ecd80000,0x00000000ecd80000,0x00000000ed000000)
 ParOldGen       total 44032K, used 9453K [0x00000000c0000000, 0x00000000c2b00000, 0x00000000eab00000)
  object space 44032K, 21% used [0x00000000c0000000,0x00000000c093b5d0,0x00000000c2b00000)
 Metaspace       used 6344K, capacity 7152K, committed 7296K, reserved 1056768K
  class space    used 598K, capacity 616K, committed 640K, reserved 1048576K

Card table byte_map: [0x00000000122f0000,0x0000000012500000] byte_map_base: 0x0000000011cf0000

Marking Bits: (ParMarkBitMap*) 0x0000000065534040
 Begin Bits: [0x0000000012a60000, 0x0000000013a60000)
 End Bits:   [0x0000000013a60000, 0x0000000014a60000)

Polling page: 0x0000000002ad0000

CodeCache: size=245760Kb used=8093Kb max_used=8093Kb free=237666Kb
 bounds [0x0000000002f30000, 0x0000000003720000, 0x0000000011f30000]
 total_blobs=2086 nmethods=1814 adapters=184
 compilation: enabled

Compilation events (10 events):
Event: 13.825 Thread 0x000000001565e000 nmethod 1840 0x0000000003709390 code [0x0000000003709500, 0x00000000037097d8]
Event: 13.825 Thread 0x000000001565e000 1841       3       java.util.HashMap::keySet (27 bytes)
Event: 13.826 Thread 0x000000001565e000 nmethod 1841 0x00000000037101d0 code [0x0000000003710360, 0x0000000003710710]
Event: 13.826 Thread 0x000000001565e000 1842       3       java.util.HashMap$KeySet::iterator (12 bytes)
Event: 13.826 Thread 0x000000001565e000 nmethod 1842 0x0000000003714550 code [0x00000000037146c0, 0x0000000003714928]
Event: 13.826 Thread 0x000000001565b000 nmethod 1831 0x000000000370e950 code [0x000000000370ea80, 0x000000000370ebb8]
Event: 13.826 Thread 0x000000001565b000 1833       4       com.android.dx.dex.code.OutputFinisher::addConstants (93 bytes)
Event: 13.827 Thread 0x000000001565e000 1843       3       com.android.dx.dex.file.CodeItem::addContents (174 bytes)
Event: 13.829 Thread 0x000000001565e000 nmethod 1843 0x0000000003714a10 code [0x0000000003714d20, 0x00000000037166c8]
Event: 13.832 Thread 0x000000001565e000 1845       3       java.util.HashMap::putVal (300 bytes)

GC Heap History (6 events):
Event: 2.343 GC heap before
{Heap before GC invocations=1 (full 0):
 PSYoungGen      total 18944K, used 16384K [0x00000000eab00000, 0x00000000ec000000, 0x0000000100000000)
  eden space 16384K, 100% used [0x00000000eab00000,0x00000000ebb00000,0x00000000ebb00000)
  from space 2560K, 0% used [0x00000000ebd80000,0x00000000ebd80000,0x00000000ec000000)
  to   space 2560K, 0% used [0x00000000ebb00000,0x00000000ebb00000,0x00000000ebd80000)
 ParOldGen       total 44032K, used 0K [0x00000000c0000000, 0x00000000c2b00000, 0x00000000eab00000)
  object space 44032K, 0% used [0x00000000c0000000,0x00000000c0000000,0x00000000c2b00000)
 Metaspace       used 5743K, capacity 6704K, committed 6784K, reserved 1056768K
  class space    used 587K, capacity 616K, committed 640K, reserved 1048576K
Event: 2.567 GC heap after
Heap after GC invocations=1 (full 0):
 PSYoungGen      total 18944K, used 2544K [0x00000000eab00000, 0x00000000ed000000, 0x0000000100000000)
  eden space 16384K, 0% used [0x00000000eab00000,0x00000000eab00000,0x00000000ebb00000)
  from space 2560K, 99% used [0x00000000ebb00000,0x00000000ebd7c298,0x00000000ebd80000)
  to   space 2560K, 0% used [0x00000000ecd80000,0x00000000ecd80000,0x00000000ed000000)
 ParOldGen       total 44032K, used 1980K [0x00000000c0000000, 0x00000000c2b00000, 0x00000000eab00000)
  object space 44032K, 4% used [0x00000000c0000000,0x00000000c01ef1a8,0x00000000c2b00000)
 Metaspace       used 5743K, capacity 6704K, committed 6784K, reserved 1056768K
  class space    used 587K, capacity 616K, committed 640K, reserved 1048576K
}
Event: 3.536 GC heap before
{Heap before GC invocations=2 (full 0):
 PSYoungGen      total 18944K, used 18928K [0x00000000eab00000, 0x00000000ed000000, 0x0000000100000000)
  eden space 16384K, 100% used [0x00000000eab00000,0x00000000ebb00000,0x00000000ebb00000)
  from space 2560K, 99% used [0x00000000ebb00000,0x00000000ebd7c298,0x00000000ebd80000)
  to   space 2560K, 0% used [0x00000000ecd80000,0x00000000ecd80000,0x00000000ed000000)
 ParOldGen       total 44032K, used 1980K [0x00000000c0000000, 0x00000000c2b00000, 0x00000000eab00000)
  object space 44032K, 4% used [0x00000000c0000000,0x00000000c01ef1a8,0x00000000c2b00000)
 Metaspace       used 6020K, capacity 6896K, committed 7040K, reserved 1056768K
  class space    used 590K, capacity 616K, committed 640K, reserved 1048576K
Event: 4.063 GC heap after
Heap after GC invocations=2 (full 0):
 PSYoungGen      total 35328K, used 2537K [0x00000000eab00000, 0x00000000ed000000, 0x0000000100000000)
  eden space 32768K, 0% used [0x00000000eab00000,0x00000000eab00000,0x00000000ecb00000)
  from space 2560K, 99% used [0x00000000ecd80000,0x00000000ecffa628,0x00000000ed000000)
  to   space 2560K, 0% used [0x00000000ecb00000,0x00000000ecb00000,0x00000000ecd80000)
 ParOldGen       total 44032K, used 3981K [0x00000000c0000000, 0x00000000c2b00000, 0x00000000eab00000)
  object space 44032K, 9% used [0x00000000c0000000,0x00000000c03e3668,0x00000000c2b00000)
 Metaspace       used 6020K, capacity 6896K, committed 7040K, reserved 1056768K
  class space    used 590K, capacity 616K, committed 640K, reserved 1048576K
}
Event: 7.361 GC heap before
{Heap before GC invocations=3 (full 0):
 PSYoungGen      total 35328K, used 35305K [0x00000000eab00000, 0x00000000ed000000, 0x0000000100000000)
  eden space 32768K, 100% used [0x00000000eab00000,0x00000000ecb00000,0x00000000ecb00000)
  from space 2560K, 99% used [0x00000000ecd80000,0x00000000ecffa628,0x00000000ed000000)
  to   space 2560K, 0% used [0x00000000ecb00000,0x00000000ecb00000,0x00000000ecd80000)
 ParOldGen       total 44032K, used 3981K [0x00000000c0000000, 0x00000000c2b00000, 0x00000000eab00000)
  object space 44032K, 9% used [0x00000000c0000000,0x00000000c03e3668,0x00000000c2b00000)
 Metaspace       used 6227K, capacity 7088K, committed 7296K, reserved 1056768K
  class space    used 592K, capacity 616K, committed 640K, reserved 1048576K
Event: 10.590 GC heap after
Heap after GC invocations=3 (full 0):
 PSYoungGen      total 35328K, used 2537K [0x00000000eab00000, 0x00000000ed000000, 0x0000000100000000)
  eden space 32768K, 0% used [0x00000000eab00000,0x00000000eab00000,0x00000000ecb00000)
  from space 2560K, 99% used [0x00000000ecb00000,0x00000000ecd7a628,0x00000000ecd80000)
  to   space 2560K, 0% used [0x00000000ecd80000,0x00000000ecd80000,0x00000000ed000000)
 ParOldGen       total 44032K, used 9453K [0x00000000c0000000, 0x00000000c2b00000, 0x00000000eab00000)
  object space 44032K, 21% used [0x00000000c0000000,0x00000000c093b5d0,0x00000000c2b00000)
 Metaspace       used 6227K, capacity 7088K, committed 7296K, reserved 1056768K
  class space    used 592K, capacity 616K, committed 640K, reserved 1048576K
}

Deoptimization events (10 events):
Event: 12.777 Thread 0x0000000016f3a800 Uncommon trap: reason=class_check action=maybe_recompile pc=0x0000000003475cd8 method=java.util.Arrays.hashCode([Ljava/lang/Object;)I @ 43
Event: 12.777 Thread 0x0000000016f3a800 Uncommon trap: reason=class_check action=maybe_recompile pc=0x0000000003475cd8 method=java.util.Arrays.hashCode([Ljava/lang/Object;)I @ 43
Event: 12.778 Thread 0x0000000016f3a800 Uncommon trap: reason=class_check action=maybe_recompile pc=0x000000000341fab8 method=java.util.Arrays.hashCode([Ljava/lang/Object;)I @ 43
Event: 12.779 Thread 0x0000000016f3a800 Uncommon trap: reason=bimorphic action=maybe_recompile pc=0x0000000003195da0 method=java.util.HashMap.getNode(ILjava/lang/Object;)Ljava/util/HashMap$Node; @ 126
Event: 12.796 Thread 0x0000000016f3a800 Uncommon trap: reason=bimorphic action=maybe_recompile pc=0x0000000003195da0 method=java.util.HashMap.getNode(ILjava/lang/Object;)Ljava/util/HashMap$Node; @ 126
Event: 12.796 Thread 0x0000000016f3a800 Uncommon trap: reason=bimorphic action=maybe_recompile pc=0x0000000003188f18 method=java.util.HashMap.getNode(ILjava/lang/Object;)Ljava/util/HashMap$Node; @ 126
Event: 12.799 Thread 0x0000000016f3a800 Uncommon trap: reason=class_check action=maybe_recompile pc=0x00000000033896e4 method=java.util.HashMap.putVal(ILjava/lang/Object;Ljava/lang/Object;ZZ)Ljava/lang/Object; @ 203
Event: 12.799 Thread 0x0000000016f3a800 Uncommon trap: reason=class_check action=maybe_recompile pc=0x00000000033896e4 method=java.util.HashMap.putVal(ILjava/lang/Object;Ljava/lang/Object;ZZ)Ljava/lang/Object; @ 203
Event: 12.799 Thread 0x0000000016f3a800 Uncommon trap: reason=class_check action=maybe_recompile pc=0x00000000033896e4 method=java.util.HashMap.putVal(ILjava/lang/Object;Ljava/lang/Object;ZZ)Ljava/lang/Object; @ 203
Event: 13.832 Thread 0x0000000016f3a800 Uncommon trap: reason=unstable_if action=reinterpret pc=0x0000000003712674 method=java.util.HashMap.putVal(ILjava/lang/Object;Ljava/lang/Object;ZZ)Ljava/lang/Object; @ 94

Internal exceptions (3 events):
Event: 0.158 Thread 0x0000000002e30800 Exception <a 'java/lang/NoSuchMethodError': Method sun.misc.Unsafe.defineClass(Ljava/lang/String;[BII)Ljava/lang/Class; name or signature does not match> (0x00000000eab12f20) thrown at [D:\re\workspace\8-2-build-windows-amd64-cygwin\jdk8u40\2855\hotspot\srØ?VíçJÄ?
Event: 0.159 Thread 0x0000000002e30800 Exception <a 'java/lang/NoSuchMethodError': Method sun.misc.Unsafe.prefetchRead(Ljava/lang/Object;J)V name or signature does not match> (0x00000000eab131b0) thrown at [D:\re\workspace\8-2-build-windows-amd64-cygwin\jdk8u40\2855\hotspot\src\share\vm\prims\j‰ã†¾xm@
Event: 5.107 Thread 0x0000000002e30800 Implicit null exception at 0x0000000003219522 to 0x0000000003219615

Events (10 events):
Event: 12.799 Thread 0x0000000016f3a800 DEOPT PACKING pc=0x00000000033896e4 sp=0x0000000017e5ee80
Event: 12.799 Thread 0x0000000016f3a800 DEOPT UNPACKING pc=0x0000000002f7582a sp=0x0000000017e5ee08 mode 2
Event: 12.799 Thread 0x0000000016f3a800 Uncommon trap: trap_request=0xffffffde fr.pc=0x00000000033896e4
Event: 12.799 Thread 0x0000000016f3a800 DEOPT PACKING pc=0x00000000033896e4 sp=0x0000000017e5ee80
Event: 12.799 Thread 0x0000000016f3a800 DEOPT UNPACKING pc=0x0000000002f7582a sp=0x0000000017e5ee08 mode 2
Event: 12.800 loading class com/android/dx/dex/file/CatchStructs
Event: 12.800 loading class com/android/dx/dex/file/CatchStructs done
Event: 13.832 Thread 0x0000000016f3a800 Uncommon trap: trap_request=0xffffff65 fr.pc=0x0000000003712674
Event: 13.832 Thread 0x0000000016f3a800 DEOPT PACKING pc=0x0000000003712674 sp=0x0000000017e5ed70
Event: 13.832 Thread 0x0000000016f3a800 DEOPT UNPACKING pc=0x0000000002f7582a sp=0x0000000017e5ed00 mode 2


Dynamic libraries:
0x00007ff7c07f0000 - 0x00007ff7c0827000 	C:\Program Files\Java\jdk1.8.0_40\bin\java.exe
0x00007ffc18be0000 - 0x00007ffc18d8c000 	C:\WINDOWS\SYSTEM32\ntdll.dll
0x00007ffc18970000 - 0x00007ffc18aae000 	C:\WINDOWS\system32\KERNEL32.DLL
0x00007ffc15f00000 - 0x00007ffc16015000 	C:\WINDOWS\system32\KERNELBASE.dll
0x00007ffc148f0000 - 0x00007ffc1497e000 	C:\WINDOWS\system32\apphelp.dll
0x00007ffbf9570000 - 0x00007ffbf95c3000 	C:\WINDOWS\AppPatch\AppPatch64\AcGenral.DLL
0x00007ffc163a0000 - 0x00007ffc1644a000 	C:\WINDOWS\system32\msvcrt.dll
0x00007ffc16020000 - 0x00007ffc1604e000 	C:\WINDOWS\system32\SspiCli.dll
0x00007ffc16340000 - 0x00007ffc16394000 	C:\WINDOWS\system32\SHLWAPI.dll
0x00007ffc16df0000 - 0x00007ffc16f67000 	C:\WINDOWS\system32\USER32.dll
0x00007ffc16450000 - 0x00007ffc165e4000 	C:\WINDOWS\system32\ole32.dll
0x00007ffc17410000 - 0x00007ffc18928000 	C:\WINDOWS\system32\SHELL32.dll
0x00007ffc152f0000 - 0x00007ffc15311000 	C:\WINDOWS\SYSTEM32\USERENV.dll
0x00007ffc16ce0000 - 0x00007ffc16d8a000 	C:\WINDOWS\system32\ADVAPI32.dll
0x00007ffc084b0000 - 0x00007ffc084ce000 	C:\WINDOWS\SYSTEM32\MPR.dll
0x00007ffc17040000 - 0x00007ffc17180000 	C:\WINDOWS\system32\RPCRT4.dll
0x00007ffc16c70000 - 0x00007ffc16cc9000 	C:\WINDOWS\SYSTEM32\sechost.dll
0x00007ffc165f0000 - 0x00007ffc16801000 	C:\WINDOWS\SYSTEM32\combase.dll
0x00007ffc16970000 - 0x00007ffc16abf000 	C:\WINDOWS\system32\GDI32.dll
0x00007ffc15d20000 - 0x00007ffc15d35000 	C:\WINDOWS\SYSTEM32\profapi.dll
0x00007ffc14530000 - 0x00007ffc145e2000 	C:\WINDOWS\SYSTEM32\SHCORE.dll
0x00007ffc18930000 - 0x00007ffc18966000 	C:\WINDOWS\system32\IMM32.DLL
0x00007ffc16810000 - 0x00007ffc16962000 	C:\WINDOWS\system32\MSCTF.dll
0x00007ffc13c50000 - 0x00007ffc13eca000 	C:\WINDOWS\WinSxS\amd64_microsoft.windows.common-controls_6595b64144ccf1df_6.0.9600.17810_none_6240b9c7ecbd0bda\COMCTL32.dll
0x0000000066fd0000 - 0x00000000670a2000 	C:\Program Files\Java\jdk1.8.0_40\jre\bin\msvcr100.dll
0x0000000064d30000 - 0x00000000655b3000 	C:\Program Files\Java\jdk1.8.0_40\jre\bin\server\jvm.dll
0x00007ffc0bbf0000 - 0x00007ffc0bbf9000 	C:\WINDOWS\SYSTEM32\WSOCK32.dll
0x00007ffc11420000 - 0x00007ffc11442000 	C:\WINDOWS\SYSTEM32\WINMM.dll
0x00007ffc120e0000 - 0x00007ffc120ea000 	C:\WINDOWS\SYSTEM32\VERSION.dll
0x00007ffc16cd0000 - 0x00007ffc16cd7000 	C:\WINDOWS\system32\PSAPI.DLL
0x00007ffc16d90000 - 0x00007ffc16dea000 	C:\WINDOWS\system32\WS2_32.dll
0x00007ffc10fb0000 - 0x00007ffc10fda000 	C:\WINDOWS\SYSTEM32\WINMMBASE.dll
0x00007ffc17190000 - 0x00007ffc17199000 	C:\WINDOWS\system32\NSI.dll
0x00007ffc16230000 - 0x00007ffc1627f000 	C:\WINDOWS\SYSTEM32\cfgmgr32.dll
0x00007ffc14b70000 - 0x00007ffc14b98000 	C:\WINDOWS\SYSTEM32\DEVOBJ.dll
0x0000000066190000 - 0x000000006619f000 	C:\Program Files\Java\jdk1.8.0_40\jre\bin\verify.dll
0x0000000066160000 - 0x0000000066189000 	C:\Program Files\Java\jdk1.8.0_40\jre\bin\java.dll
0x0000000066140000 - 0x0000000066156000 	C:\Program Files\Java\jdk1.8.0_40\jre\bin\zip.dll
0x00007ffc09b00000 - 0x00007ffc09c89000 	C:\WINDOWS\SYSTEM32\dbghelp.dll

VM Arguments:
jvm_args: -Djava.awt.headless=true -Xmx1024M -Dfile.encoding=x-windows-949 -Duser.country=KR -Duser.language=ko -Duser.variant 
java_command: com.android.dx.command.Main --dex --force-jumbo --num-threads=4 --multi-dex --output C:\android\donghyun\AndroidStudioProjects\GoogleMapTest\app\build\intermediates\transforms\dex\debug\folders\1000\10\com.google.android.gms-play-services-wallet-8.4.0_73c507f0e04d9bd7891adcd972a7522cc67e01c2 C:\android\donghyun\AndroidStudioProjects\GoogleMapTest\app\build\intermediates\exploded-aar\com.google.android.gms\play-services-wallet\8.4.0\jars\classes.jar
java_class_path (initial): C:\android\SDK\build-tools\23.0.3\lib\dx.jar
Launcher Type: SUN_STANDARD

Environment Variables:
JAVA_HOME=C:\Program Files (x86)\Java\jre7
PATH=C:\ProgramData\Oracle\Java\javapath;C:\SonarQube\sonar-runner\bin;C:\Program Files (x86)\Java\jre7\bin;C:\opencv\build\x86\vc12\bin;
USERNAME=ÀÌµ¿Çö
OS=Windows_NT
PROCESSOR_IDENTIFIER=Intel64 Family 6 Model 69 Stepping 1, GenuineIntel



---------------  S Y S T E M  ---------------

OS: Windows 8.1 , 64 bit Build 9600 (6.3.9600.17415)

CPU:total 4 (2 cores per cpu, 2 threads per core) family 6 model 69 stepping 1, cmov, cx8, fxsr, mmx, sse, sse2, sse3, ssse3, sse4.1, sse4.2, popcnt, avx, avx2, aes, clmul, erms, lzcnt, ht, tsc, tscinvbit, bmi1, bmi2

Memory: 4k page, physical 4100120k(349800k free), swap 9244292k(48768k free)

vm_info: Java HotSpot(TM) 64-Bit Server VM (25.40-b25) for windows-amd64 JRE (1.8.0_40-b25), built on Feb 10 2015 21:53:57 by "java_re" with MS VC++ 10.0 (VS2010)

time: Tue Nov 22 09:06:51 2016
elapsed time: 15 seconds (0d 0h 0m 15s)

